0.286904 -9.75654 0.083922 0.0828871 0.0843099 2.31095 -9.76101 0.14497 -2.89826 0.145666 0.145293 9.52684 0.144905 0.145293 0.0843456 0.0828874 0.0847683 2.30164 0.145601 -2.90757 9.52223 2.63348e-010 6.37819e-011 -7.85829e-011 -9.67884e-011 1.52204e-010 1.64524e-010 5.22979e-010 -1.53888e-010
11.9164 -14.3786 0.564944 0.550083 0.564944 -7.48232 -14.3786 0.988013 -12.7042 0.988013 0.98802 4.78327 0.987948 0.98802 0.565386 0.550083 0.565386 -7.48232 0.987948 -12.7042 4.78327 -3.5454e-010 7.53806e-011 -4.68567e-011 -5.07061e-011 -2.83551e-011 -6.23892e-011 4.38028e-010 3.84777e-011
23.7258 -18.9704 1.04445 1.016 1.04445 -17.2396 -18.9704 1.82839 -22.4737 1.82839 1.82842 0.043802 1.82832 1.82842 1.04489 1.016 1.04489 -17.2396 1.82832 -22.4737 0.043802 -3.2548e-010 1.72283e-010 -1.46571e-010 -1.40684e-010 -1.12038e-010 -1.50312e-010 5.87171e-010 1.20053e-010
35.5352 -23.5488 1.52396 1.48192 1.52396 -26.997 -23.5488 2.66876 -32.243 2.66876 2.66883 -4.70903 2.66869 2.66883 1.5244 1.48192 1.5244 -26.997 2.66869 -32.243 -4.70903 -3.48456e-010 6.64542e-010 -6.92062e-010 -6.04814e-010 -6.36113e-010 -6.75918e-010 1.68506e-009 6.20386e-010
47.3446 -28.1139 2.00347 1.94783 2.00347 -36.7546 -28.1139 3.50913 -42.012 3.50913 3.50923 -9.47523 3.50907 3.50923 2.00391 1.94783 2.00391 -36.7546 3.50907 -42.012 -9.47523 4.88427e-011 4.7981e-010 -5.79838e-010 -5.29802e-010 -3.07864e-010 -3.64118e-010 8.37726e-010 3.95147e-010
59.1539 -32.6657 2.48297 2.41375 2.48297 -46.5123 -32.6657 4.34951 -51.7807 4.34951 4.34964 -14.2548 4.34944 4.34964 2.48342 2.41375 2.48342 -46.5123 4.34944 -51.7807 -14.2548 1.32201e-009 2.89513e-009 -3.29533e-009 -2.81499e-009 -3.09385e-009 -2.96656e-009 5.07406e-009 2.86391e-009
70.9633 -37.2042 2.96248 2.87967 2.96248 -56.2702 -37.2042 5.18988 -61.5492 5.18988 5.19004 -19.0477 5.18981 5.19004 2.96292 2.87967 2.96292 -56.2702 5.18981 -61.5492 -19.0477 2.18783e-010 3.76151e-010 -6.94158e-010 -6.62631e-010 3.60565e-010 2.01787e-010 9.72022e-011 6.93916e-011
82.7726 -41.7294 3.44199 3.34558 3.44199 -66.0283 -41.7294 6.03025 -71.3174 6.03025 6.03045 -23.854 6.03019 6.03045 3.44243 3.34558 3.44243 -66.0283 6.03019 -71.3174 -23.854 6.85997e-010 9.46788e-010 -1.49886e-009 -1.35745e-009 1.08017e-010 -6.4162e-011 6.94065e-010 4.68148e-010
94.5819 -46.2414 3.92149 3.8115 3.92149 -75.7865 -46.2414 6.87063 -81.0854 6.87063 6.87085 -28.6737 6.87056 6.87085 3.92194 3.8115 3.92194 -75.7865 6.87056 -81.0854 -28.6737 1.07701e-009 1.35682e-009 -2.237e-009 -2.00401e-009 1.58664e-010 -7.71649e-011 9.61393e-010 6.99679e-010
106.391 -50.74 4.401 4.27742 4.401 -85.5449 -50.74 7.711 -90.853 7.711 7.71126 -33.5068 7.71093 7.71126 4.40145 4.27742 4.40145 -85.5449 7.71093 -90.853 -33.5068 1.6945e-009 1.8936e-009 -3.20969e-009 -2.79331e-009 1.68001e-010 -8.5123e-011 1.29612e-009 9.57414e-010
118.201 -55.2253 4.88051 4.74333 4.88051 -95.3035 -55.2253 8.55137 -100.62 8.55137 8.55166 -38.3532 8.55131 8.55166 4.88096 4.74333 4.88096 -95.3035 8.55131 -100.62 -38.3532 8.39462e-009 8.95966e-009 -1.15862e-008 -9.88905e-009 -7.78108e-009 -7.36105e-009 1.09251e-008 8.26002e-009
130.01 -59.6974 5.36002 5.20925 5.36002 -105.062 -59.6974 9.39175 -110.388 9.39175 9.39207 -43.213 9.39168 9.39207 5.36047 5.20925 5.36047 -105.062 9.39168 -110.388 -43.213 1.47048e-009 1.57421e-009 -3.75829e-009 -3.35713e-009 2.57411e-009 1.90883e-009 -3.41515e-010 -1.69315e-010
141.819 -64.1561 5.83953 5.67517 5.83953 -114.821 -64.1561 10.2321 -120.155 10.2321 10.2325 -48.0862 10.2321 10.2325 5.83998 5.67517 5.83998 -114.821 10.2321 -120.155 -48.0862 2.42228e-009 2.51616e-009 -5.4239e-009 -4.7926e-009 2.68604e-009 1.93609e-009 2.59291e-010 2.92999e-010
153.628 -68.6016 6.31903 6.14109 6.31903 -124.58 -68.6016 11.0725 -129.921 11.0725 11.0729 -52.9727 11.0724 11.0729 6.31948 6.14109 6.31948 -124.58 11.0724 -129.921 -52.9727 6.18743e-009 6.13629e-009 -1.0297e-008 -8.90566e-009 -3.16646e-010 -8.69093e-010 4.35324e-009 3.56567e-009
165.21 -72.9461 6.79082 6.5995 6.79082 -134.16 -72.9461 11.9002 -139.499 11.9002 11.9006 -57.7867 11.9001 11.9006 6.79127 6.59951 6.79127 -134.16 11.9001 -139.499 -57.7867 1.12621e-011 2.00586e-011 1.1417e-010 6.89795e-011 -3.14913e-011 -1.98952e-013 -9.50564e-011 -9.01821e-011
175.53 -76.8119 7.21946 7.01603 7.21946 -142.76 -76.8119 12.6569 -147.999 12.6569 12.6573 -62.1354 12.6568 12.6573 7.21992 7.01603 7.21992 -142.76 12.6568 -147.999 -62.1354 3.24637e-009 3.34066e-009 -9.36714e-009 -8.41712e-009 7.99778e-009 6.39642e-009 -1.95907e-009 -1.40548e-009
184.82 -80.3238 7.61227 7.39776 7.61227 -150.459 -80.3238 13.3536 -155.675 13.3536 13.3541 -66.1024 13.3536 13.3541 7.61274 7.39776 7.61274 -150.459 13.3536 -155.675 -66.1024 -8.80263e-010 -7.86372e-010 1.11703e-009 8.94005e-010 5.95548e-010 7.3004e-010 -8.27896e-010 -8.352e-010
192.936 -83.3986 7.9644 7.7401 7.9644 -157.196 -83.3986 13.979 -162.411 13.979 13.9795 -69.598 13.9789 13.9795 7.96486 7.7401 7.96486 -157.196 13.9789 -162.411 -69.598 4.1473e-010 3.69297e-010 3.83721e-010 2.89958e-010 -1.47213e-009 -1.25223e-009 6.77773e-010 5.96515e-010
200.312 -86.1941 8.29099 8.05772 8.29099 -163.347 -86.1941 14.5594 -168.535 14.5594 14.5599 -72.7991 14.5593 14.5599 8.29145 8.05772 8.29145 -163.347 14.5593 -168.535 -72.7991 -1.03518e-009 -9.88464e-010 2.26845e-009 2.10764e-009 -9.85551e-010 -8.68653e-010 -2.31921e-010 -2.35033e-010
206.699 -89.1832 8.68119 8.43824 8.68119 -169.609 -89.1832 15.2448 -172.861 15.2448 15.2453 -75.9132 15.2447 15.2453 8.68167 8.43824 8.68167 -169.609 15.2447 -172.861 -75.9132 1.16856e-010 5.82219e-011 3.33131e-010 2.94335e-010 -8.18346e-010 -6.21782e-010 3.72495e-010 2.72692e-010
211.897 -92.1925 9.17065 8.9179 9.17065 -175.065 -92.1925 16.0924 -176.453 16.0924 16.0929 -78.8216 16.0922 16.0929 9.17113 8.9179 9.17113 -175.065 16.0922 -176.453 -78.8216 -2.01247e-009 -1.9963e-009 2.07004e-009 1.86466e-009 2.47999e-009 2.70742e-009 -2.52882e-009 -2.5691e-009
215.832 -94.7774 9.79592 9.53187 9.79592 -178.874 -94.7774 17.1653 -180.154 17.1653 17.1659 -82.1102 17.1652 17.1659 9.7964 9.53187 9.7964 -178.874 17.1652 -180.154 -82.1102 1.21574e-010 9.31095e-011 6.42615e-011 6.92921e-011 -1.5973e-010 -1.15307e-010 -2.73985e-011 -4.82032e-011
219.588 -96.5494 10.4411 10.1652 10.4411 -182.847 -96.5494 18.2719 -184.116 18.2719 18.2726 -85.5707 18.2718 18.2726 10.4416 10.1652 10.4416 -182.847 18.2718 -184.116 -85.5707 5.11208e-008 -1.85748e-007 4.20164e-008 -1.00937e-008 -9.59402e-008 2.27291e-007 2.39878e-009 -2.93191e-008
223.1 -98.2099 11.0538 10.7668 11.0538 -186.589 -98.2099 19.3229 -187.83 19.3229 19.3236 -88.8425 19.3227 19.3236 11.0544 10.7668 11.0544 -186.589 19.3227 -187.83 -88.8425 -2.37881e-009 -1.40081e-009 -9.83306e-009 -1.06064e-008 2.33269e-008 2.18602e-008 -1.12346e-008 -9.97765e-009
226.611 -99.8673 11.6666 11.3685 11.6666 -190.332 -99.8673 20.3738 -191.538 20.3738 20.3746 -92.1212 20.3737 20.3746 11.6671 11.3685 11.6671 -190.332 20.3737 -191.538 -92.1212 -2.54228e-009 -1.60475e-009 -1.22102e-008 -1.29083e-008 2.67319e-008 2.50693e-008 -1.21308e-008 -1.07029e-008
229.877 -101.433 12.261 11.9522 12.261 -193.871 -101.433 21.3939 -195.039 21.3939 21.3948 -95.2373 21.3938 21.3948 12.2616 11.9522 12.2616 -193.871 21.3938 -195.039 -95.2373 4.07439e-010 3.5547e-010 2.66311e-010 2.32461e-010 -1.57658e-009 -1.36546e-009 9.04933e-010 7.79153e-010
232.749 -102.85 12.8219 12.5031 12.8219 -197.072 -102.85 22.357 -198.198 22.357 22.3579 -98.081 22.3568 22.3579 12.8225 12.5031 12.8225 -197.072 22.3568 -198.198 -98.081 -4.25246e-009 -2.9294e-009 -1.33595e-008 -1.47545e-008 3.48109e-008 3.35872e-008 -1.73338e-008 -1.60686e-008
235.622 -104.265 13.3827 13.054 13.3827 -200.275 -104.265 23.3201 -201.353 23.3201 23.321 -100.93 23.3199 23.321 13.3834 13.054 13.3834 -200.275 23.3199 -201.353 -100.93 -5.62402e-009 -4.45277e-009 -1.28032e-008 -1.40731e-008 3.95112e-008 3.80271e-008 -2.12344e-008 -1.96639e-008
238.108 -105.56 13.9886 13.6499 13.9886 -203.186 -105.56 24.3573 -204.303 24.3573 24.3583 -103.938 24.3571 24.3583 13.9893 13.6499 13.9893 -203.186 24.3571 -204.303 -103.938 1.60904e-009 1.44841e-009 -2.30455e-009 -2.1758e-009 -7.73554e-010 -4.96982e-010 1.43457e-009 1.19212e-009
240.415 -106.782 14.5804 14.2321 14.5804 -205.935 -106.782 25.3703 -207.099 25.3703 25.3713 -106.843 25.3701 25.3713 14.5811 14.2321 14.5811 -205.935 25.3701 -207.099 -106.843 3.72309e-009 3.57173e-009 -6.40938e-009 -6.26079e-009 1.93654e-009 2.0801e-009 6.4388e-010 5.0585e-010
242.424 -108.01 15.1696 14.8117 15.1696 -208.723 -108.01 26.3784 -209.885 26.3784 26.3795 -109.062 26.3782 26.3795 15.1703 14.8117 15.1703 -208.723 26.3782 -209.885 -109.062 1.46343e-010 1.22995e-010 5.42911e-010 4.9431e-010 -1.20284e-009 -1.06294e-009 5.17886e-010 4.49603e-010
244.315 -109.325 15.7775 15.4095 15.7775 -211.73 -109.325 27.4183 -212.832 27.4183 27.4194 -110.715 27.4181 27.4194 15.7782 15.4095 15.7782 -211.73 27.4181 -212.832 -110.715 1.6225e-008 1.69976e-008 -6.2844e-008 -6.25649e-008 7.18211e-008 6.93724e-008 -2.6046e-008 -2.46588e-008
246.206 -110.637 16.3854 16.0073 16.3854 -214.738 -110.637 28.4581 -215.779 28.4581 28.4593 -112.37 28.4579 28.4593 16.3861 16.0073 16.3861 -214.738 28.4579 -215.779 -112.37 2.0387e-008 2.10585e-008 -7.20428e-008 -7.15783e-008 7.70215e-008 7.43193e-008 -2.63148e-008 -2.47687e-008
248.097 -111.947 16.9933 16.6051 16.9933 -217.747 -111.947 29.4979 -218.725 29.4979 29.4991 -114.028 29.4977 29.4991 16.994 16.6051 16.994 -217.747 29.4977 -218.725 -114.028 2.08818e-008 2.17024e-008 -7.71865e-008 -7.67052e-008 8.54684e-008 8.25864e-008 -3.01714e-008 -2.85261e-008
249.988 -113.254 17.6012 17.2029 17.6012 -220.755 -113.254 30.5377 -221.669 30.5377 30.539 -115.689 30.5375 30.539 17.6019 17.2029 17.6019 -220.755 30.5375 -221.669 -115.689 2.16672e-008 2.26238e-008 -8.30153e-008 -8.25142e-008 9.42823e-008 9.12125e-008 -3.39784e-008 -3.23279e-008
251.879 -114.559 18.2091 17.8007 18.2091 -223.764 -114.559 31.5776 -224.614 31.5776 31.5789 -117.353 31.5774 31.5789 18.2098 17.8007 18.2098 -223.764 31.5774 -224.614 -117.353 2.67522e-008 2.74111e-008 -9.41198e-008 -9.32685e-008 1.00496e-007 9.70394e-008 -3.43076e-008 -3.23822e-008
253.77 -115.861 18.8169 18.3985 18.8169 -226.774 -115.861 32.6174 -227.557 32.6174 32.6187 -119.02 32.6172 32.6187 18.8177 18.3985 18.8177 -226.774 32.6172 -227.557 -119.02 2.67304e-008 2.76314e-008 -9.9527e-008 -9.89176e-008 1.11191e-007 1.07512e-007 -3.9587e-008 -3.74172e-008
255.661 -117.161 19.4248 18.9963 19.4248 -229.784 -117.161 33.6572 -230.499 33.6572 33.6586 -120.69 33.657 33.6586 19.4256 18.9963 19.4256 -229.784 33.657 -230.499 -120.69 2.95193e-008 3.02682e-008 -1.08543e-007 -1.07448e-007 1.20222e-007 1.16151e-007 -4.24436e-008 -4.02676e-008
257.552 -118.458 20.0327 19.5942 20.0327 -232.795 -118.458 34.697 -233.441 34.697 34.6984 -122.362 34.6968 34.6984 20.0335 19.5942 20.0335 -232.795 34.6968 -233.441 -122.362 3.20535e-008 3.29406e-008 -1.1761e-007 -1.16462e-007 1.29961e-007 1.25737e-007 -4.57547e-008 -4.35491e-008
258.821 -121.412 20.6319 20.1781 20.6319 -234.282 -121.412 35.7384 -233.124 35.7384 35.7399 -125.82 35.7382 35.7399 20.6326 20.1781 20.6326 -234.282 35.7382 -233.124 -125.82 -3.75712e-009 -3.81846e-009 1.64489e-008 1.56338e-008 -2.01551e-008 -1.85115e-008 7.64111e-009 6.86617e-009
259.84 -125.023 21.2275 20.7564 21.2275 -233.963 -125.023 36.7804 -232.697 36.7804 36.782 -130.001 36.7802 36.782 21.2282 20.7564 21.2282 -233.963 36.7802 -232.697 -130.001 3.69726e-008 3.79462e-008 -1.23627e-007 -1.23452e-007 1.26727e-007 1.23843e-007 -4.14172e-008 -3.96492e-008
260.615 -126.888 21.8201 21.3297 21.8201 -233.908 -126.888 37.8236 -232.533 37.8236 37.8253 -134.878 37.8234 37.8253 21.8208 21.3297 21.8208 -233.908 37.8234 -232.533 -134.878 -1.7246e-009 -1.75822e-009 7.74645e-009 7.35616e-009 -9.46801e-009 -8.6894e-009 3.52198e-009 3.16348e-009
260.436 -126.954 22.4008 21.8834 22.4008 -234.905 -126.954 38.8716 -233.391 38.8716 38.8734 -137.438 38.8714 38.8734 22.4016 21.8834 22.4016 -234.905 38.8714 -233.391 -137.438 -4.74751e-009 -4.87108e-009 2.25048e-008 2.14436e-008 -2.89693e-008 -2.66674e-008 1.14222e-008 1.03001e-008
259.943 -127.136 22.9777 22.4306 22.9777 -236.252 -127.136 39.9211 -234.584 39.9211 39.923 -138.526 39.9209 39.923 22.9784 22.4306 22.9784 -236.252 39.9209 -234.584 -138.526 3.58085e-008 3.71176e-008 -1.14399e-007 -1.17666e-007 1.13779e-007 1.1591e-007 -3.62922e-008 -3.65272e-008
259.45 -127.312 23.5545 22.9778 23.5545 -237.6 -127.312 40.9706 -235.776 40.9706 40.9727 -139.62 40.9704 40.9727 23.5553 22.9778 23.5553 -237.6 40.9704 -235.776 -139.62 3.39505e-008 3.5804e-008 -1.21025e-007 -1.24703e-007 1.31824e-007 1.34136e-007 -4.58677e-008 -4.63735e-008
258.957 -127.482 24.1314 23.5251 24.1314 -238.949 -127.482 42.0202 -236.966 42.0202 42.0223 -140.721 42.02 42.0223 24.1322 23.5251 24.1322 -238.949 42.02 -236.966 -140.721 4.19394e-008 4.41357e-008 -1.38959e-007 -1.43318e-007 1.42909e-007 1.45372e-007 -4.70111e-008 -4.7411e-008
258.464 -127.646 24.7083 24.0723 24.7083 -240.299 -127.646 43.0697 -238.155 43.0697 43.072 -141.828 43.0695 43.072 24.709 24.0723 24.709 -240.299 43.0695 -238.155 -141.828 4.63722e-008 4.85455e-008 -1.53709e-007 -1.58104e-007 1.58421e-007 1.60904e-007 -5.23464e-008 -5.25266e-008
257.971 -127.804 25.2851 24.6195 25.2851 -241.649 -127.804 44.1192 -239.343 44.1192 44.1216 -142.942 44.119 44.1216 25.2859 24.6195 25.2859 -241.649 44.119 -239.343 -142.942 5.2877e-008 5.54731e-008 -1.72114e-007 -1.77452e-007 1.74824e-007 1.77583e-007 -5.69014e-008 -5.69425e-008
257.479 -127.956 25.862 25.1667 25.862 -243.001 -127.956 45.1687 -240.529 45.1687 45.1712 -144.062 45.1685 45.1712 25.8627 25.1667 25.8627 -243.001 45.1685 -240.529 -144.062 5.72253e-008 5.93984e-008 -1.87973e-007 -1.93038e-007 1.92713e-007 1.96075e-007 -6.32821e-008 -6.39443e-008
256.986 -128.101 26.4389 25.714 26.4389 -244.353 -128.101 46.2183 -241.714 46.2183 46.2209 -145.189 46.2181 46.2209 26.4396 25.714 26.4396 -244.353 46.2181 -241.714 -145.189 6.23417e-008 6.52123e-008 -2.05587e-007 -2.11591e-007 2.11457e-007 2.14884e-007 -6.96826e-008 -7.00711e-008
256.493 -128.241 27.0157 26.2612 27.0157 -245.706 -128.241 47.2678 -242.897 47.2678 47.2705 -146.322 47.2676 47.2705 27.0165 26.2612 27.0165 -245.706 47.2676 -242.897 -146.322 6.62257e-008 6.92655e-008 -2.22217e-007 -2.28137e-007 2.31601e-007 2.35453e-007 -7.71531e-008 -7.82515e-008
256 -128.375 27.5926 26.8084 27.5926 -247.06 -128.375 48.3173 -244.08 48.3173 48.3202 -147.462 48.3171 48.3202 27.5933 26.8084 27.5933 -247.06 48.3171 -244.08 -147.462 7.71799e-008 8.03897e-008 -2.48735e-007 -2.5528e-007 2.50827e-007 2.54748e-007 -8.09175e-008 -8.15536e-008
255.507 -128.503 28.1694 27.3557 28.1694 -248.414 -128.503 49.3668 -245.261 49.3668 49.3698 -148.608 49.3666 49.3698 28.1702 27.3557 28.1702 -248.414 49.3666 -245.261 -148.608 8.00905e-008 8.30407e-008 -2.65994e-007 -2.71969e-007 2.75451e-007 2.79617e-007 -9.12506e-008 -9.24306e-008
255.014 -128.626 28.7463 27.9029 28.7463 -249.77 -128.626 50.4164 -246.44 50.4164 50.4195 -149.76 50.4161 50.4195 28.7471 27.9029 28.7471 -249.77 50.4161 -246.44 -149.76 9.24273e-008 9.55279e-008 -2.94296e-007 -3.01503e-007 2.94288e-007 2.98887e-007 -9.42735e-008 -9.48021e-008
194.654 -101.577 26.5611 25.4558 26.5611 -203.654 -101.577 47.6827 -199.134 47.6827 47.6867 -127.883 47.6825 47.6867 26.5619 25.4558 26.5619 -203.654 47.6825 -199.134 -127.883 -5.16165e-008 -4.59878e-008 1.75933e-007 1.51382e-007 -1.76791e-007 -1.48548e-007 5.32762e-008 4.38538e-008
195.718 -101.755 27.0164 25.8676 27.0164 -205.914 -101.755 48.5727 -201.142 48.5727 48.5769 -129.675 48.5725 48.5769 27.0171 25.8676 27.0171 -205.914 48.5725 -201.142 -129.675 -3.60852e-008 -3.22635e-008 1.15605e-007 1.01026e-007 -1.10305e-007 -9.47746e-008 3.13059e-008 2.64706e-008
195.179 -101.749 27.6656 26.4755 27.6656 -207.508 -101.749 49.7737 -202.507 49.7737 49.778 -131.094 49.7735 49.778 27.6664 26.4755 27.6664 -207.508 49.7735 -202.507 -131.094 1.49275e-007 1.6268e-007 -5.01233e-007 -5.23291e-007 5.14226e-007 5.22869e-007 -1.64472e-007 -1.64591e-007
194.64 -101.732 28.3149 27.0835 28.3149 -209.103 -101.732 50.9747 -203.872 50.9747 50.9792 -132.523 50.9745 50.9792 28.3157 27.0835 28.3157 -209.103 50.9745 -203.872 -132.523 1.81289e-007 1.94674e-007 -5.64172e-007 -5.88095e-007 5.42008e-007 5.52098e-007 -1.61471e-007 -1.6126e-007
194.101 -101.705 28.9642 27.6914 28.9642 -210.699 -101.705 52.1757 -205.235 52.1757 52.1803 -133.963 52.1755 52.1803 28.9649 27.6914 28.9649 -210.699 52.1755 -205.235 -133.963 1.98509e-007 2.13507e-007 -6.16022e-007 -6.40987e-007 5.89135e-007 5.9998e-007 -1.74223e-007 -1.75322e-007
193.561 -101.667 29.6134 28.2994 29.6134 -212.296 -101.667 53.3767 -206.597 53.3767 53.3815 -135.415 53.3765 53.3815 29.6142 28.2994 29.6142 -212.296 53.3765 -206.597 -135.415 2.12654e-007 2.26582e-007 -6.65651e-007 -6.92406e-007 6.44758e-007 6.57187e-007 -1.94368e-007 -1.94058e-007
193.022 -101.618 30.2627 28.9073 30.2627 -213.893 -101.618 54.5777 -207.958 54.5777 54.5826 -136.876 54.5775 54.5826 30.2635 28.9073 30.2635 -213.893 54.5775 -207.958 -136.876 2.30027e-007 2.46014e-007 -7.21442e-007 -7.49727e-007 6.98809e-007 7.11723e-007 -2.10223e-007 -2.11048e-007
192.483 -101.559 30.912 29.5153 30.912 -215.492 -101.559 55.7787 -209.318 55.7787 55.7838 -138.349 55.7785 55.7838 30.9127 29.5153 30.9127 -215.492 55.7785 -209.318 -138.349 2.41228e-007 2.58979e-007 -7.72771e-007 -8.04964e-007 7.66034e-007 7.7688e-007 -2.37415e-007 -2.34309e-007
191.944 -101.49 31.5612 30.1232 31.5612 -217.091 -101.49 56.9797 -210.677 56.9797 56.9849 -139.833 56.9794 56.9849 31.562 30.1232 31.562 -217.091 56.9794 -210.677 -139.833 2.68989e-007 2.85533e-007 -8.4382e-007 -8.74316e-007 8.17536e-007 8.33362e-007 -2.45953e-007 -2.48221e-007
191.404 -101.41 32.2105 30.7312 32.2105 -218.691 -101.41 58.1806 -212.035 58.1806 58.1861 -141.327 58.1804 58.1861 32.2113 30.7312 32.2113 -218.691 58.1804 -212.035 -141.327 3.03247e-007 3.17656e-007 -9.21065e-007 -9.50818e-007 8.66968e-007 8.85158e-007 -2.52591e-007 -2.55655e-007
190.865 -101.319 32.8598 31.3391 32.8598 -220.292 -101.319 59.3816 -213.391 59.3816 59.3872 -142.832 59.3814 59.3872 32.8605 31.3391 32.8605 -220.292 59.3814 -213.391 -142.832 2.93264e-007 3.12762e-007 -9.5975e-007 -9.9386e-007 9.66842e-007 9.8576e-007 -3.03612e-007 -3.08339e-007
190.104 -101.218 33.5166 31.9544 33.5166 -221.891 -101.218 60.5957 -214.376 60.5957 60.6014 -144.316 60.5954 60.6014 33.5174 31.9544 33.5174 -221.891 60.5954 -214.376 -144.316 -1.95115e-008 -1.76993e-008 6.3532e-008 5.36998e-008 -8.51292e-008 -7.08771e-008 4.13349e-008 3.50742e-008
188.683 -101.08 34.1765 32.574 34.1765 -223.323 -101.08 61.8122 -214.36 61.8122 61.8181 -145.628 61.812 61.8181 34.1773 32.574 34.1773 -223.323 61.812 -214.36 -145.628 -4.2621e-008 -4.17545e-008 1.28746e-007 1.25096e-007 -1.12345e-007 -1.09298e-007 2.66915e-008 2.64136e-008
186.582 -100.936 34.8575 33.2141 34.8575 -223.628 -100.936 63.0649 -214.207 63.0649 63.071 -146.948 63.0647 63.071 34.8583 33.2141 34.8583 -223.628 63.0647 -214.207 -146.948 -1.5567e-007 -1.38535e-007 2.86989e-007 2.44168e-007 -8.96576e-008 -6.12122e-008 -4.03413e-008 -4.32754e-008
184.443 -100.787 35.5404 33.856 35.5404 -223.873 -100.787 64.321 -214.046 64.321 64.3273 -148.277 64.3208 64.3273 35.5412 33.856 35.5412 -223.873 64.3208 -214.046 -148.277 1.25892e-007 1.63092e-007 -6.09789e-007 -7.34082e-007 7.21193e-007 8.50406e-007 -2.3901e-007 -2.81475e-007
182.075 -100.252 36.2347 34.5087 36.2347 -224.087 -100.252 65.5974 -213.895 65.5974 65.6039 -149.626 65.5972 65.6039 36.2355 34.5087 36.2355 -224.087 65.5972 -213.895 -149.626 -4.74098e-008 -4.08174e-008 8.4975e-008 6.69293e-008 -1.7147e-008 -3.25772e-009 -2.00187e-008 -2.25216e-008
179.545 -99.4411 36.9371 35.1689 36.9371 -224.278 -99.4411 66.8883 -213.75 66.8883 66.8949 -150.99 66.888 66.8949 36.938 35.1689 36.938 -224.278 66.888 -213.75 -150.99 2.42459e-008 6.23186e-008 -4.62436e-007 -6.21092e-007 8.02771e-007 9.94062e-007 -3.65431e-007 -4.37184e-007
177.015 -98.6279 37.6395 35.8292 37.6395 -224.469 -98.6279 68.1791 -213.601 68.1791 68.1859 -152.361 68.1788 68.1859 37.6404 35.8292 37.6404 -224.469 68.1788 -213.601 -152.361 4.01711e-008 8.55462e-008 -5.07573e-007 -6.81175e-007 8.35974e-007 1.03277e-006 -3.69766e-007 -4.38877e-007
174.484 -97.812 38.3419 36.4895 38.3419 -224.662 -97.812 69.4699 -213.449 69.4699 69.477 -153.737 69.4697 69.477 38.3428 36.4895 38.3428 -224.662 69.4697 -213.449 -153.737 1.68345e-008 5.46485e-008 -5.11203e-007 -6.82838e-007 9.17216e-007 1.13714e-006 -4.24001e-007 -5.10345e-007
171.743 -96.9915 39.0549 37.1598 39.0549 -224.854 -96.9915 70.7797 -213.339 70.7797 70.7869 -154.717 70.7794 70.7869 39.0559 37.1598 39.0559 -224.854 70.7794 -213.339 -154.717 1.04332e-008 1.08227e-008 4.94951e-008 3.76698e-008 -1.2611e-007 -1.04427e-007 6.62129e-008 5.59439e-008
168.804 -96.167 39.7778 37.8393 39.7778 -225.045 -96.167 72.107 -213.272 72.107 72.1143 -155.326 72.1067 72.1143 39.7788 37.8393 39.7788 -225.045 72.1067 -213.272 -155.326 1.51607e-007 2.30579e-007 -6.14015e-007 -8.73312e-007 7.39784e-007 1.02129e-006 -2.79344e-007 -3.81443e-007
165.866 -95.3404 40.5007 38.5189 40.5007 -225.236 -95.3404 73.4343 -213.206 73.4343 73.4418 -155.937 73.434 73.4418 40.5017 38.5189 40.5017 -225.236 73.434 -213.206 -155.937 1.71114e-007 2.57299e-007 -6.63802e-007 -9.39876e-007 7.79483e-007 1.07063e-006 -2.88854e-007 -3.90954e-007
162.839 -94.4857 41.2343 39.2092 41.2343 -225.39 -94.4857 74.7786 -213.131 74.7786 74.7863 -156.517 74.7783 74.7863 41.2352 39.2092 41.2352 -225.39 74.7783 -213.131 -156.517 1.21954e-008 1.23332e-008 4.28831e-008 3.75142e-008 -1.10765e-007 -1.01813e-007 5.57015e-008 5.1971e-008
159.588 -93.5628 41.9947 39.9267 41.9947 -225.454 -93.5628 76.1658 -213.037 76.1658 76.1737 -157.011 76.1655 76.1737 41.9956 39.9267 41.9956 -225.454 76.1655 -213.037 -157.011 2.13627e-007 3.81635e-007 -4.24306e-007 -8.36132e-007 1.81986e-007 4.88194e-007 2.6863e-008 -3.68516e-008
156.035 -92.5726 42.7993 40.6876 42.7993 -225.473 -92.5726 77.6264 -212.822 77.6264 77.6345 -157.456 77.6261 77.6345 42.8002 40.6876 42.8002 -225.473 77.6261 -212.822 -157.456 -3.04116e-008 -2.82185e-008 -2.92493e-009 -4.009e-009 9.49323e-008 9.02579e-008 -6.14666e-008 -5.79133e-008
152.162 -91.0424 43.5914 41.4348 43.5914 -225.764 -91.0424 79.0705 -212.723 79.0705 79.0788 -157.286 79.0702 79.0788 43.5923 41.4348 43.5923 -225.764 79.0702 -212.723 -157.286 -4.38335e-008 -4.07737e-008 7.64833e-008 6.83639e-008 -1.79298e-008 -1.19215e-008 -1.43939e-008 -1.53695e-008
148.287 -89.5128 44.3829 42.1812 44.3829 -226.061 -89.5128 80.5137 -212.624 80.5137 80.5222 -157.103 80.5134 80.5222 44.3838 42.1812 44.3838 -226.061 80.5134 -212.624 -157.103 -1.47644e-007 -4.18298e-008 4.51944e-007 2.35919e-008 -4.36902e-007 7.28885e-008 1.34072e-007 -5.44011e-008
144.327 -87.9739 45.1901 42.943 45.1901 -226.334 -87.9739 81.9832 -212.511 81.9832 81.992 -156.915 81.9829 81.992 45.1911 42.943 45.1911 -226.334 81.9829 -212.511 -156.915 -2.04733e-009 -2.53942e-009 7.09201e-008 6.52907e-008 -1.29366e-007 -1.17652e-007 6.06197e-008 5.50177e-008
140.173 -86.4132 46.0333 43.7397 46.0333 -226.547 -86.4132 83.5128 -212.369 83.5128 83.5218 -156.714 83.5126 83.5218 46.0342 43.7397 46.0342 -226.547 83.5126 -212.369 -156.714 -2.9354e-007 -1.19956e-007 8.64033e-007 3.01135e-007 -8.03705e-007 -2.28376e-007 2.35693e-007 4.7868e-008
134.585 -84.5924 46.8195 44.4663 46.8195 -225.078 -84.5924 84.9818 -210.883 84.9818 84.991 -156.407 84.9815 84.991 46.8205 44.4663 46.8205 -225.078 84.9815 -210.883 -156.407 -1.88194e-008 -1.8249e-008 -1.60768e-008 -4.62185e-009 7.68449e-008 5.25336e-008 -4.18939e-008 -2.95949e-008
128.401 -82.7032 47.5529 45.1353 47.5529 -223.02 -82.7032 86.3766 -208.468 86.3766 86.3861 -156.044 86.3763 86.3861 47.5538 45.1353 47.5538 -223.02 86.3763 -208.468 -156.044 -1.77618e-006 -1.378e-006 4.57616e-006 3.46292e-006 -3.68507e-006 -2.6982e-006 8.99701e-007 6.24908e-007
122.217 -80.8265 48.2862 45.8043 48.2862 -220.96 -80.8265 87.7715 -206.054 87.7715 87.7812 -155.669 87.7712 87.7812 48.2872 45.8043 48.2872 -220.96 87.7712 -206.054 -155.669 -1.99979e-006 -1.55377e-006 4.94366e-006 3.72973e-006 -3.72547e-006 -2.69948e-006 7.96944e-007 5.35504e-007
116.032 -78.9621 49.0196 46.4733 49.0196 -218.899 -78.9621 89.1663 -203.641 89.1663 89.1763 -155.282 89.166 89.1763 49.0205 46.4733 49.0205 -218.899 89.166 -203.641 -155.282 -1.97318e-006 -1.55241e-006 5.11841e-006 3.89343e-006 -4.17011e-006 -3.0437e-006 1.03998e-006 7.13976e-007
109.848 -77.1101 49.7529 47.1423 49.7529 -216.838 -77.1101 90.5611 -201.227 90.5611 90.5714 -154.884 90.5608 90.5714 49.7539 47.1423 49.7539 -216.838 90.5608 -201.227 -154.884 -2.21431e-006 -1.70743e-006 5.51572e-006 4.15025e-006 -4.20927e-006 -3.06387e-006 9.24285e-007 6.33969e-007
103.664 -75.2705 50.4863 47.8113 50.4863 -214.775 -75.2705 91.9559 -198.814 91.9559 91.9665 -154.474 91.9556 91.9665 50.4872 47.8113 50.4872 -214.775 91.9556 -198.814 -154.474 -2.31923e-006 -1.79667e-006 5.80682e-006 4.38302e-006 -4.48499e-006 -3.26627e-006 1.01369e-006 6.9385e-007
97.4795 -73.4433 51.2196 48.4803 51.2196 -212.711 -73.4433 93.3508 -196.402 93.3508 93.3616 -154.052 93.3505 93.3616 51.2206 48.4803 51.2206 -212.711 93.3505 -196.402 -154.052 -2.39213e-006 -1.86309e-006 6.08601e-006 4.60633e-006 -4.82576e-006 -3.52135e-006 1.14864e-006 7.91006e-007
91.2953 -71.6283 51.953 49.1493 51.953 -210.646 -71.6283 94.7456 -193.99 94.7456 94.7567 -153.618 94.7453 94.7567 51.9539 49.1493 51.9539 -210.646 94.7453 -193.99 -153.618 -2.59908e-006 -2.01067e-006 6.47315e-006 4.88438e-006 -4.97054e-006 -3.61525e-006 1.11429e-006 7.55462e-007
85.111 -69.8258 52.6863 49.8184 52.6863 -208.58 -69.8258 96.1404 -191.579 96.1404 96.1518 -153.173 96.1401 96.1518 52.6873 49.8184 52.6873 -208.58 96.1401 -191.579 -153.173 -2.77283e-006 -2.1443e-006 6.85009e-006 5.15826e-006 -5.17059e-006 -3.74892e-006 1.11218e-006 7.48718e-007
78.9268 -68.0355 53.4197 50.4874 53.4197 -206.513 -68.0355 97.5352 -189.168 97.5352 97.5469 -152.716 97.5349 97.5469 53.4206 50.4874 53.4206 -206.513 97.5349 -189.168 -152.716 -2.95132e-006 -2.28371e-006 7.23052e-006 5.44995e-006 -5.40781e-006 -3.91702e-006 1.14786e-006 7.65382e-007
72.7426 -66.2577 54.153 51.1564 54.153 -204.444 -66.2577 98.9301 -186.757 98.9301 98.9419 -152.247 98.9298 98.9419 54.154 51.1564 54.154 -204.444 98.9298 -186.757 -152.247 -3.07791e-006 -2.38208e-006 7.58019e-006 5.71554e-006 -5.72712e-006 -4.1607e-006 1.24432e-006 8.41703e-007
66.5554 -64.4963 54.8898 51.8291 54.8898 -202.389 -64.4963 100.33 -184.352 100.33 100.342 -151.764 100.33 100.342 54.8908 51.8291 54.8908 -202.389 100.33 -184.352 -151.764 -4.39323e-008 -4.83802e-008 1.55604e-007 1.61291e-007 -1.64799e-007 -1.64623e-007 5.34663e-008 5.20716e-008
60.3658 -62.7502 55.6294 52.5049 55.6294 -200.343 -62.7502 101.734 -181.951 101.734 101.747 -151.267 101.734 101.747 55.6304 52.5049 55.6304 -200.343 101.734 -181.951 -151.267 -2.93341e-006 -2.32893e-006 8.06406e-006 6.2152e-006 -7.07694e-006 -5.28542e-006 1.96587e-006 1.41488e-006
-6.60867 -34.0944 61.1849 56.9469 59.0363 -172.468 -35.8147 109.135 -180.192 109.359 109.26 -99.7889 109.135 109.26 58.9001 56.9469 61.3228 -182.6 109.358 -176.758 -100.227 -3.01437e-007 -2.65654e-007 -1.80995e-006 -2.04405e-006 -1.10306e-006 -9.65279e-007 -8.56917e-007 -8.05574e-007
