0.286904 0 2.03288e-020 -5.42101e-020 -2.03288e-020 0 0 -2.71051e-020 0 0 -4.40457e-020 0 5.42101e-020 4.06576e-020 2.03288e-020 2.03288e-020 -4.06576e-020 0 0 0 0 2.30393e-019 0 4.06576e-020 4.06576e-020 -4.06576e-020 6.77626e-020 1.21973e-019 -1.76183e-019
11.9164 0 -7.14684e-022 1.72646e-022 -3.1102e-022 0 0 1.60783e-023 0 8.97491e-023 -1.90528e-023 1.69831e-019 6.19545e-023 7.21966e-027 3.02417e-021 1.67044e-022 -1.52201e-022 0 1.17844e-022 0 0 -1.69848e-019 4.64925e-022 2.00047e-022 6.04102e-023 -9.07102e-023 -1.2521e-022 -1.73731e-022 1.54473e-022
23.7258 1.69831e-019 4.89691e-022 3.58377e-022 1.45584e-022 0 -1.69831e-019 -7.89053e-023 0 -1.25331e-022 -9.32213e-023 0 -2.70772e-023 4.84331e-023 2.42198e-021 1.21575e-021 1.89259e-021 0 6.99291e-023 0 0 -5.76958e-023 -1.3136e-022 -4.26572e-022 3.94487e-022 2.02416e-022 3.74793e-022 -1.69913e-019 1.69745e-019
35.5352 0 1.94553e-021 1.05635e-021 1.45584e-022 0 0 -1.70302e-022 0 -1.21938e-022 -1.36883e-022 0 1.57423e-022 -1.50094e-022 9.13207e-021 3.14918e-021 -6.60421e-021 0 9.86025e-023 0 0 -6.0806e-022 -3.69738e-022 4.83953e-023 1.99901e-022 -9.70491e-023 1.11352e-022 -4.19615e-022 -2.6483e-022
47.3446 0 -2.38228e-022 2.78272e-022 3.70577e-022 0 0 -1.36265e-022 0 -5.50334e-023 -7.36311e-023 -1.69831e-019 7.2766e-023 1.07842e-023 1.25731e-021 1.99885e-021 -5.06896e-021 0 -6.12178e-023 0 0 1.69699e-019 5.64221e-022 -6.00639e-023 -8.92696e-023 -1.19255e-022 -4.46158e-023 2.6165e-022 -1.5772e-022
59.1539 0 2.72639e-021 1.14964e-021 1.29702e-021 0 0 -1.49836e-022 0 2.49886e-022 -1.11266e-022 0 -2.49918e-022 1.82916e-022 -7.41154e-022 8.85166e-021 4.04988e-021 0 5.44052e-022 0 1.35864e-018 -3.97693e-023 -1.35921e-018 1.26925e-021 -6.29244e-022 -8.63242e-022 2.54511e-022 -2.1362e-021 -2.94681e-022
70.9633 0 0 -2.60802e-023 -7.94093e-023 0 0 -5.12464e-024 0 2.33549e-023 -1.05924e-023 4.24576e-020 1.8185e-023 2.18128e-023 -8.73503e-022 4.18278e-022 -3.17637e-022 0 6.68207e-024 0 -4.24576e-020 -4.26512e-020 4.26344e-020 -1.95043e-023 -8.94714e-023 6.95595e-023 -1.0484e-023 -1.51699e-022 -4.45068e-023
82.7726 -8.49153e-020 2.64698e-023 -2.51598e-022 5.29396e-023 0 0 4.86486e-023 0 -7.86597e-023 2.52335e-023 0 -2.93908e-023 5.82746e-024 5.82335e-022 -8.97933e-022 -1.45584e-021 0 9.29286e-024 0 0 -2.3334e-022 4.39549e-022 3.17052e-023 -1.79684e-024 -1.51807e-022 -1.32346e-022 8.497e-020 -1.91267e-022
94.5819 0 -2.38228e-022 -3.61239e-022 0 0 0 1.46049e-023 0 1.03333e-022 -5.48306e-023 0 2.53324e-024 3.58793e-023 5.02926e-022 2.11465e-021 1.00585e-021 0 -1.59103e-023 0 0 -3.20218e-022 2.80189e-022 -8.77773e-023 5.27408e-023 1.19565e-022 3.08352e-023 -8.44496e-023 7.64824e-023
106.391 2.54746e-019 7.41154e-022 1.72522e-022 1.58819e-022 0 0 5.16471e-023 0 -4.24447e-023 -3.36715e-023 -8.49153e-020 -2.82922e-023 4.773e-023 3.97047e-022 -4.25674e-022 -1.05879e-022 0 2.09768e-023 0 -2.54746e-019 8.47334e-020 2.5491e-019 3.85257e-024 4.19649e-023 4.68899e-022 -5.13377e-023 -2.54913e-019 4.61721e-023
118.201 0 5.29396e-023 -2.71594e-021 1.00585e-021 0 -3.39661e-019 -2.72039e-022 0 -4.54911e-022 -8.53636e-023 0 -1.37596e-022 1.2748e-023 6.88214e-021 -6.20346e-021 -7.6233e-021 0 2.89035e-022 0 0 -1.22572e-021 -1.16734e-022 2.2171e-022 1.62717e-022 -1.05161e-022 3.30063e-022 5.04066e-022 3.41077e-019
130.01 -8.49153e-020 3.70577e-022 1.00839e-022 0 0 -4.24576e-020 1.35322e-023 0 -2.52549e-023 3.0218e-024 -4.24576e-020 4.82091e-024 1.90856e-023 7.94093e-022 8.00749e-022 -2.64698e-022 0 -2.05761e-023 0 0 4.2126e-020 1.6078e-022 -6.53265e-023 7.76791e-023 1.57627e-023 2.65616e-023 8.49077e-020 4.24328e-020
141.819 -2.12288e-019 -2.11758e-022 -1.82205e-022 -5.29396e-023 0 0 7.11763e-023 0 1.86116e-024 3.8774e-023 0 3.11227e-023 3.91893e-023 1.42937e-021 -1.98006e-022 -1.48231e-021 0 -4.91785e-023 0 0 -1.89336e-022 8.60062e-023 -8.8938e-023 -1.18899e-022 -6.24488e-023 -9.87633e-023 2.12647e-019 -1.30103e-022
153.628 -3.39661e-019 -1.58819e-022 4.22112e-022 -3.70577e-022 0 0 1.45144e-023 0 -3.57239e-023 2.91227e-024 0 7.95774e-023 1.57563e-022 7.41154e-022 1.82348e-021 2.48816e-021 0 -6.92247e-023 0 0 -6.74502e-022 2.45546e-022 2.53417e-022 2.5049e-022 -2.18925e-022 -3.04251e-022 3.40163e-019 -8.65323e-023
165.21 2.48775e-022 2.64698e-022 -3.64618e-024 0 0 2.48775e-022 -5.16988e-026 0 0 7.53646e-026 0 0 -3.78906e-026 2.64698e-022 -1.62538e-024 2.64698e-022 0 0 0 2.48775e-022 -2.0185e-024 -2.50468e-022 4.13338e-025 4.1561e-025 -7.42362e-025 -7.80985e-025 -2.47321e-022 -2.47919e-022
175.53 0 0 -1.00104e-022 -2.64698e-022 0 0 5.03805e-023 0 -5.91951e-024 1.70115e-023 0 2.55392e-023 -1.01359e-023 -3.70577e-022 -4.37612e-022 3.70577e-022 0 2.04727e-023 0 0 -2.0133e-022 1.13834e-022 8.83785e-023 3.71288e-023 5.54617e-023 -7.80753e-024 -3.43569e-022 9.06744e-023
184.82 -1.3268e-021 -3.17637e-022 -1.55346e-024 0 0 1.3268e-021 -6.20385e-025 0 -1.49926e-024 6.73195e-025 1.3268e-021 4.65289e-025 2.9333e-025 1.58819e-022 -2.29255e-023 -1.58819e-022 0 -4.1359e-025 0 0 -1.32744e-021 3.61488e-025 1.43727e-024 -2.56979e-025 -2.99984e-024 -4.31059e-025 1.32965e-021 -1.32926e-021
192.936 0 5.29396e-023 1.06432e-024 0 0 1.6585e-022 -1.80946e-025 0 -1.55096e-025 -1.12687e-025 0 -5.16988e-026 -1.21674e-026 0 3.37753e-024 1.58819e-022 0 -5.16988e-026 0 0 -3.86347e-024 -5.60548e-024 1.32185e-024 1.9591e-024 -1.3783e-024 -1.53743e-024 3.43989e-024 -1.60641e-022
200.312 0 5.29396e-023 -3.94314e-024 5.29396e-023 0 0 4.3944e-025 0 1.03398e-025 -4.77608e-026 0 -2.06795e-025 3.40687e-025 1.05879e-022 1.87126e-023 0 0 7.49632e-025 0 0 -4.96147e-024 -1.6691e-024 3.32427e-024 -2.20144e-024 -7.23177e-025 -1.80784e-024 -7.78915e-025 2.59625e-024
206.699 0 0 2.7567e-024 0 0 -2.07313e-023 2.58494e-026 0 -2.58494e-026 -2.82728e-027 -1.03656e-023 -2.58494e-026 4.64481e-027 -1.58819e-022 -1.13697e-024 0 0 0 0 0 9.1289e-024 -1.12909e-024 3.80067e-025 4.99216e-025 -4.24294e-025 -4.42671e-025 1.24542e-024 2.18909e-023
211.897 0 -5.29396e-023 -6.46482e-024 1.58819e-022 0 0 7.75482e-026 0 -1.29247e-025 -2.97268e-025 6.634e-022 3.10193e-025 -3.60074e-025 0 5.69818e-024 0 0 7.75482e-026 0 1.9902e-021 -6.61973e-022 -1.99149e-021 -5.16584e-025 -5.37991e-025 4.09955e-026 3.41293e-026 -1.04003e-025 -7.53671e-025
215.832 -5.18282e-023 1.58819e-022 1.57419e-024 -1.58819e-022 0 0 0 0 2.58494e-026 -8.02745e-027 0 -5.16988e-026 -3.28166e-027 -1.58819e-022 2.92775e-025 -1.58819e-022 0 -2.58494e-026 0 0 -1.87751e-024 -2.06654e-024 6.71075e-025 8.33037e-025 -8.02745e-025 -7.08233e-025 5.48138e-023 2.23961e-024
219.588 0 0 -2.35229e-024 -2.11758e-022 0 0 -1.41525e-024 0 -1.75776e-024 1.55096e-025 0 5.16988e-025 1.11152e-024 0 -4.36855e-023 3.17637e-022 0 -1.47342e-024 0 5.3072e-021 6.26072e-022 -4.66986e-021 -2.23597e-022 -2.23442e-022 2.30111e-022 2.25614e-022 -6.57919e-022 -6.53059e-022
223.1 0 -1.58819e-022 -4.51529e-023 0 0 0 2.58494e-025 0 -7.26368e-024 6.96409e-024 0 -1.34417e-024 -3.83071e-024 2.11758e-022 -2.28926e-022 5.29396e-023 0 2.01625e-024 0 1.06144e-020 -3.9367e-023 -1.0553e-020 1.69837e-023 -2.79122e-023 2.73135e-024 2.40917e-023 1.9815e-022 1.97968e-022
226.611 0 0 -3.82546e-023 1.58819e-022 0 1.06144e-020 -1.76551e-023 0 -1.16322e-023 1.39443e-023 0 3.10193e-024 8.80235e-024 0 3.02498e-024 5.29396e-022 0 1.40879e-023 0 0 1.03499e-024 1.36288e-022 -4.22176e-023 1.41436e-023 -4.90432e-025 9.80056e-025 -1.84537e-022 -1.06114e-020
229.877 0 2.11758e-022 -6.0099e-024 -2.11758e-022 0 0 2.32645e-025 0 -2.58494e-026 -1.20039e-025 3.317e-022 -2.06795e-025 -1.05114e-025 0 -8.06483e-025 0 0 -5.16988e-026 0 0 -3.32589e-022 -1.01822e-024 1.68387e-025 2.50189e-025 -6.88568e-025 -5.60281e-026 -6.56534e-025 9.68999e-025
232.749 0 2.11758e-022 -4.2843e-023 -1.05879e-022 0 0 -2.0421e-024 0 -2.37814e-024 -2.41773e-024 0 3.69646e-024 3.57499e-025 -2.11758e-022 2.39322e-022 -2.11758e-022 0 3.36042e-024 0 0 1.31559e-023 1.12602e-022 -3.99642e-023 -2.09084e-023 -2.06656e-023 1.5658e-023 1.97112e-022 2.4983e-024
235.622 -1.06144e-020 3.17637e-022 -1.81454e-023 2.11758e-022 0 0 -9.30578e-025 0 -7.23783e-024 3.2029e-024 0 7.85822e-024 3.00353e-024 0 3.36915e-022 -3.17637e-022 0 -1.0805e-023 0 0 -4.9259e-023 -5.77958e-023 -1.82996e-023 9.12544e-024 -6.9577e-023 -1.56551e-023 1.108e-020 -7.49849e-023
238.108 -3.317e-022 -1.05879e-022 2.42382e-024 -1.05879e-022 0 0 2.58494e-026 0 -1.29247e-025 -3.00701e-025 0 0 4.30201e-025 0 1.04441e-023 3.17637e-022 0 0 0 -3.317e-022 1.81047e-024 3.33248e-022 -1.13121e-024 -1.00187e-024 1.19745e-024 1.13455e-024 3.29446e-022 -1.49149e-024
240.415 3.317e-022 -4.23516e-022 8.00372e-024 0 0 0 -5.16988e-026 0 -5.16988e-026 2.22143e-025 0 -2.58494e-026 1.02236e-025 -1.05879e-022 8.16906e-025 4.23516e-022 0 0 0 0 -2.15585e-024 -2.34886e-024 7.33578e-025 8.4677e-025 -1.34498e-025 -5.86155e-025 -3.30764e-022 2.50466e-024
242.424 0 1.05879e-022 -4.9082e-024 -1.05879e-022 0 0 -2.58494e-026 0 0 2.70106e-026 0 2.58494e-026 1.34851e-025 -1.05879e-022 -2.39215e-024 0 0 5.16988e-026 0 -8.29251e-023 -2.15075e-024 8.08078e-023 9.00892e-025 8.90189e-025 -8.91602e-025 -5.7313e-025 3.23198e-024 2.18902e-024
244.315 0 0 -4.5673e-023 0 0 5.3072e-021 9.04729e-025 0 4.98893e-024 1.55738e-024 9.28761e-021 -2.84343e-025 -2.0836e-025 0 -2.54364e-023 -6.35275e-022 0 1.96455e-024 0 0 -9.20226e-021 5.33107e-023 -7.82954e-025 -3.21474e-023 3.65755e-023 2.3691e-023 -5.8427e-022 -5.2975e-021
246.206 -2.6536e-021 0 8.90857e-024 3.17637e-022 0 0 -9.04729e-025 0 -2.17135e-024 -5.05679e-025 0 -1.03398e-024 1.73029e-024 1.05879e-022 -9.08935e-023 -2.11758e-022 0 -5.16988e-025 0 1.3268e-021 -1.20961e-023 -1.28593e-021 -7.74997e-024 -1.50706e-023 1.5337e-023 1.09975e-023 2.77722e-021 -2.3879e-023
248.097 -1.3268e-021 4.23516e-022 -2.79754e-024 -3.17637e-022 0 0 1.65436e-024 0 3.48967e-024 1.84197e-024 0 -2.63664e-024 1.81562e-024 6.35275e-022 -6.37319e-024 1.05879e-022 0 -2.42984e-024 0 0 1.36262e-022 3.36006e-023 6.64451e-024 -1.69934e-023 5.1655e-023 -7.45997e-025 1.21115e-021 -1.63048e-022
249.988 0 0 5.0693e-023 1.05879e-022 0 -1.06144e-020 -2.32645e-024 0 -3.17948e-024 1.87297e-024 0 -1.47342e-024 -9.41382e-025 3.17637e-022 4.00486e-022 3.17637e-022 0 7.23783e-025 0 5.3072e-021 8.48209e-023 -5.22128e-021 8.47537e-024 -6.18899e-023 4.57835e-023 3.22873e-023 -5.16035e-022 1.05671e-020
251.879 0 -1.05879e-022 -6.12656e-024 -1.05879e-022 0 0 -2.42984e-024 0 3.20532e-024 -1.09688e-024 0 -4.3944e-025 -2.72418e-024 -2.11758e-022 -9.60997e-024 0 0 7.23783e-025 0 0 -3.51255e-023 -1.20062e-023 -5.25526e-023 -7.25176e-024 -1.00655e-023 3.95435e-024 -5.81985e-022 -2.09309e-023
253.77 5.3072e-021 1.05879e-022 1.04525e-022 3.17637e-022 0 0 7.49632e-024 0 2.71419e-024 -5.13393e-024 -1.06144e-020 1.47342e-024 -2.61382e-024 -2.11758e-022 -9.76087e-023 -1.05879e-022 0 -5.71272e-024 0 0 1.0523e-020 1.06011e-023 5.19209e-024 -8.2916e-024 1.018e-023 2.73369e-023 -5.26107e-021 7.74048e-024
255.661 1.06144e-020 -2.11758e-022 2.49753e-023 1.05879e-022 0 0 -2.58494e-026 0 -7.75482e-026 -1.9696e-024 5.3072e-021 -1.05983e-024 -2.41631e-025 5.29396e-022 1.77428e-023 -3.17637e-022 0 -7.75482e-025 0 0 -5.32309e-021 3.92127e-023 3.79703e-024 -9.76501e-024 2.60639e-023 1.12158e-023 -1.10214e-020 -4.51876e-023
257.552 -1.06144e-020 3.17637e-022 1.61152e-023 -2.11758e-022 0 1.3268e-020 -4.1359e-025 0 7.75482e-025 1.71242e-024 0 7.49632e-025 -2.60352e-024 4.23516e-022 -1.54152e-022 1.05879e-022 0 4.54949e-024 0 -1.06144e-020 7.15325e-023 1.06976e-020 -1.71171e-023 -4.32788e-023 4.28228e-023 1.71616e-023 1.08228e-020 -1.33077e-020
258.821 -6.634e-022 0 -1.13813e-023 2.11758e-022 0 0 2.58494e-025 0 2.58494e-026 -2.09219e-025 3.317e-022 -7.75482e-026 -6.48254e-026 -1.05879e-022 1.37453e-023 -4.23516e-022 0 -1.55096e-025 0 4.14625e-023 -3.38058e-022 -4.97812e-023 3.56156e-024 2.78325e-024 -5.40414e-024 -2.44034e-024 6.85225e-022 3.83904e-024
259.84 0 4.23516e-022 5.10038e-023 5.29396e-022 0 0 8.01331e-025 0 -1.70606e-024 -2.1043e-025 -2.6536e-021 -5.68687e-025 1.29833e-024 -3.17637e-022 4.38499e-023 2.11758e-022 0 -8.27181e-025 0 0 2.73473e-021 1.97611e-023 4.99729e-023 -1.86112e-023 -3.14232e-024 -4.9752e-024 -4.3554e-022 1.3056e-022
260.615 0 0 1.55793e-024 2.11758e-022 0 0 0 0 0 -2.42338e-026 1.76216e-022 5.16988e-026 3.02923e-027 -3.17637e-022 -1.03193e-023 1.05879e-022 0 -5.16988e-026 0 0 -1.82376e-022 -5.29913e-024 1.94719e-024 2.11844e-024 -1.39183e-024 -2.31675e-024 7.94061e-024 4.12136e-024
260.436 0 -2.11758e-022 2.4981e-023 -1.05879e-022 0 -6.634e-022 -2.58494e-026 0 -2.84343e-025 -1.06225e-025 0 -2.58494e-026 -8.603e-026 2.11758e-022 3.27296e-023 4.23516e-022 0 -2.06795e-025 0 -3.26517e-022 -1.20276e-023 3.22203e-022 5.6073e-024 1.13535e-024 -9.6499e-024 -3.96869e-024 1.73514e-024 6.75361e-022
259.943 0 6.35275e-022 1.8974e-023 -1.05879e-022 0 0 2.84343e-025 0 -9.30578e-025 -1.80885e-024 -1.3268e-021 -4.91138e-025 -1.0057e-025 1.05879e-021 -2.01433e-021 -1.27055e-021 0 1.26662e-024 0 3.9804e-021 1.30244e-021 -3.74085e-021 2.68373e-023 -9.66202e-024 -8.8188e-023 -8.06986e-024 -3.53213e-022 -3.84715e-022
259.45 0 0 5.45584e-023 -4.23516e-022 0 6.634e-022 -5.42837e-025 0 -1.03398e-024 3.08981e-026 0 -1.13737e-024 -6.34118e-026 1.05879e-022 3.24933e-022 0 0 -1.11152e-024 0 -6.634e-022 -8.50251e-023 7.38541e-022 5.46068e-025 -2.65643e-023 6.31315e-023 2.69185e-023 8.6912e-022 -5.79218e-022
258.957 0 4.23516e-022 -2.19185e-023 -4.23516e-022 0 -2.6536e-021 4.1359e-025 0 -3.87741e-025 -6.77133e-025 0 -4.65289e-025 1.10264e-025 -8.47033e-022 -2.54525e-022 -8.47033e-022 0 -3.61892e-025 0 0 4.98409e-025 8.74711e-023 -2.81161e-023 -1.36497e-023 7.75308e-023 2.75191e-023 2.58701e-022 2.95682e-021
258.464 0 1.05879e-022 -5.524e-024 0 0 -5.3072e-021 -4.65289e-025 0 2.06795e-025 -3.69364e-025 0 -2.58494e-025 -4.31362e-025 -5.29396e-022 4.61087e-022 5.29396e-022 0 -6.97934e-025 0 0 -3.25334e-022 -2.29423e-022 1.70448e-023 1.51259e-024 -3.58685e-023 3.10774e-023 5.26199e-022 5.70582e-021
257.971 -5.3072e-021 -2.11758e-022 -1.13776e-023 -7.41154e-022 0 0 -7.75482e-026 0 -2.58494e-026 2.48195e-025 0 -2.06795e-025 3.77643e-026 -7.41154e-022 5.54511e-023 2.11758e-022 0 1.03398e-025 0 -6.634e-022 -1.51361e-022 7.01504e-022 -9.3051e-023 -3.78556e-023 6.09399e-024 -6.89209e-024 4.81095e-021 -1.21468e-022
257.479 0 4.23516e-022 1.78008e-023 0 0 0 -5.42837e-025 0 -2.32645e-025 1.84379e-025 1.6585e-022 5.16988e-026 -8.68378e-027 -4.23516e-022 2.39511e-022 -1.05879e-022 0 2.06795e-025 0 0 -2.05611e-022 6.01903e-023 2.03879e-023 2.33254e-023 -9.18946e-024 9.30942e-024 -6.01432e-022 3.08387e-022
256.986 0 2.11758e-022 -6.78198e-024 0 0 0 2.58494e-026 0 1.29247e-025 -7.61345e-026 0 -2.58494e-025 -3.41293e-026 -3.17637e-022 -1.56634e-022 7.41154e-022 0 2.84343e-025 0 0 6.15143e-023 1.03686e-022 -4.577e-023 -3.78375e-023 -4.01453e-023 4.92754e-024 1.25857e-021 1.31388e-024
256.493 -2.6536e-021 0 -8.22161e-023 -2.11758e-022 0 0 2.58494e-026 0 -5.94536e-025 2.13258e-025 0 1.03398e-025 1.83167e-025 1.16467e-021 -1.80889e-022 1.16467e-021 0 6.72084e-025 0 -1.9902e-021 1.37262e-022 2.08171e-021 9.35457e-023 -1.77771e-023 3.71694e-023 2.44507e-023 3.10142e-021 3.27349e-022
256 0 4.23516e-022 -1.10381e-023 -4.23516e-022 0 -2.6536e-021 -7.75482e-026 0 1.55096e-025 3.75624e-025 0 -8.01331e-025 6.74508e-025 6.35275e-022 -3.09606e-022 4.23516e-022 0 -3.61892e-025 0 -1.3268e-021 1.4079e-022 1.40935e-021 -8.50445e-024 -1.99513e-023 -4.84559e-023 1.95502e-023 -3.49275e-022 2.45606e-021
255.507 5.3072e-021 -6.35275e-022 1.15763e-023 2.11758e-022 0 0 -3.36042e-025 0 5.16988e-025 9.16846e-026 0 -1.55096e-025 -2.99489e-025 2.11758e-022 -2.52596e-023 -3.17637e-022 0 5.68687e-025 0 6.634e-022 1.45097e-022 -5.79849e-022 -3.24264e-023 -2.36449e-023 8.03759e-023 2.74585e-023 -4.84615e-021 -4.82336e-022
255.014 0 0 -1.14375e-022 6.35275e-022 0 0 -7.75482e-026 0 1.08567e-024 -8.68378e-026 1.3268e-021 -2.06795e-025 2.89594e-025 1.37643e-021 5.79134e-022 4.23516e-022 0 -4.91138e-025 0 0 -1.54311e-021 -8.18174e-023 5.56073e-023 5.50342e-023 -1.02979e-022 -1.28621e-023 1.31829e-021 1.65806e-022
194.654 0 -4.23516e-022 -5.31124e-024 1.05879e-022 0 0 5.16988e-026 0 -2.58494e-026 -6.46235e-026 0 0 -1.9387e-026 -3.17637e-022 -8.2508e-024 2.11758e-022 0 -5.16988e-026 0 0 -1.78361e-023 -1.76357e-023 6.56251e-024 6.39449e-024 -6.00029e-024 -6.3331e-024 1.79459e-023 1.79169e-023
195.718 0 4.23516e-022 3.75059e-024 2.11758e-022 0 -2.48775e-022 -2.58494e-026 0 0 5.81611e-026 -4.14625e-023 2.58494e-026 9.69352e-027 3.17637e-022 -4.80403e-023 0 0 7.75482e-026 0 8.29251e-023 2.71387e-023 -9.7055e-023 5.46068e-024 5.59963e-024 -5.51561e-024 -5.55116e-024 1.44078e-023 2.63374e-022
195.179 0 0 1.30346e-023 2.11758e-022 0 0 2.32645e-025 0 -7.75482e-026 -3.71585e-025 0 -2.84343e-025 1.13091e-026 -6.35275e-022 -9.55854e-023 0 0 -1.03398e-025 0 0 3.93984e-022 -4.70556e-023 6.69887e-023 -2.59366e-023 -5.73113e-023 4.38083e-023 6.88143e-023 -6.30111e-023
194.64 0 3.17637e-022 2.27214e-022 -1.05879e-022 0 0 -3.87741e-025 0 -8.78879e-025 -1.44433e-024 0 -1.55096e-024 -3.26349e-025 -3.17637e-022 -1.93263e-021 -4.23516e-022 0 -6.72084e-025 0 2.6536e-021 -1.01556e-023 -2.64761e-021 -2.74456e-023 1.23399e-023 2.98367e-023 1.16969e-023 -1.70243e-021 1.91796e-022
194.101 0 4.23516e-022 7.04913e-023 -2.11758e-022 0 0 -1.80946e-024 0 1.88701e-024 2.25859e-024 5.3072e-021 -2.01625e-024 5.05679e-025 2.22346e-021 3.23766e-021 4.23516e-022 0 4.1359e-025 0 -2.6536e-021 -5.30288e-021 2.62907e-021 8.89219e-024 -3.39015e-023 1.15828e-022 2.95362e-023 2.82311e-022 2.70126e-022
193.561 0 1.05879e-022 1.32703e-022 -1.05879e-022 0 0 -2.32645e-025 0 -1.55096e-025 3.53814e-024 0 -9.82277e-025 1.31509e-024 2.11758e-022 -1.14964e-021 -2.32934e-021 0 -1.78361e-024 0 0 2.54003e-023 -3.40414e-022 4.52494e-023 7.52928e-023 6.68853e-025 -2.73357e-023 -1.47734e-021 2.12308e-022
193.022 0 0 4.97132e-023 0 0 0 -7.49632e-025 0 -1.55096e-025 -6.93087e-025 0 6.46235e-025 1.41364e-024 1.37643e-021 1.86695e-021 -6.35275e-022 0 6.20385e-025 0 0 3.46957e-022 -2.76217e-022 8.97911e-023 3.90132e-023 -5.39897e-023 -3.55429e-024 -3.2002e-021 -5.63898e-022
192.483 2.6536e-021 7.41154e-022 2.83682e-022 2.11758e-022 0 0 -5.94536e-025 0 -1.80946e-025 2.40722e-025 0 -1.16322e-024 1.42979e-024 3.17637e-022 1.11313e-021 -3.17637e-022 0 -8.78879e-025 0 0 -1.20035e-022 -5.09395e-023 4.97504e-023 5.86846e-023 -1.60854e-022 -4.44157e-023 -2.15968e-021 -4.23058e-022
191.944 0 -3.17637e-022 1.77215e-022 0 0 -2.6536e-021 -5.16988e-026 0 8.5303e-025 -1.29247e-026 0 2.58494e-026 8.5303e-025 1.16467e-021 6.21949e-022 -2.22346e-021 0 8.78879e-025 0 0 2.48849e-022 -7.90345e-023 -1.57294e-023 -2.00462e-023 3.13779e-023 -1.05142e-023 -1.18403e-021 2.13391e-021
191.404 0 2.11758e-022 -3.96837e-023 -4.23516e-022 0 0 1.70606e-024 0 -1.75776e-024 1.68021e-024 0 -8.27181e-025 5.42837e-025 -2.5411e-021 1.96003e-022 -7.30566e-021 0 1.18907e-024 0 0 -1.84771e-022 -1.30216e-022 2.29552e-022 4.4028e-023 -1.0469e-024 -3.93363e-023 -1.91082e-022 3.22187e-022
190.865 5.3072e-021 0 5.33386e-024 2.11758e-022 0 0 -1.55096e-025 0 -6.20385e-025 1.63174e-025 0 -1.55096e-025 -4.36209e-025 -7.41154e-022 1.02048e-022 4.23516e-022 0 -8.78879e-025 0 -3.317e-022 2.96586e-022 4.75617e-022 -3.19111e-023 -3.18852e-023 1.50763e-022 8.43466e-023 -6.1563e-021 -3.69633e-022
190.104 0 0 1.48069e-024 3.17637e-022 0 0 5.16988e-026 0 -5.16988e-026 -2.10026e-026 -1.6585e-022 0 3.06962e-026 -5.29396e-022 -7.65465e-023 0 0 -7.75482e-026 0 0 1.74183e-022 9.07314e-024 -3.8354e-024 -3.52198e-024 3.55106e-024 3.71585e-024 -1.11476e-023 -9.35748e-024
188.683 1.6585e-022 0 8.3849e-024 0 0 1.45119e-022 1.55096e-025 0 2.06795e-025 -8.88573e-026 1.6585e-022 -5.16988e-026 -4.03897e-026 2.11758e-022 -1.07178e-023 3.17637e-022 0 -7.75482e-026 0 0 -1.81085e-022 -1.51154e-023 4.85645e-024 5.85489e-024 -5.73533e-024 -5.32821e-024 -1.31118e-022 -1.28659e-022
186.582 -2.6536e-021 -1.05879e-022 5.43799e-023 3.17637e-022 0 0 2.06795e-024 0 6.20385e-025 4.08744e-025 0 -3.51552e-024 5.84843e-025 -5.29396e-022 1.35945e-022 3.17637e-022 0 -1.44757e-024 0 0 -1.22429e-023 -1.73288e-023 1.91609e-024 6.02291e-024 -7.16674e-024 -9.29609e-024 2.6943e-021 2.45505e-023
184.443 2.12288e-020 -1.05879e-022 4.20696e-022 -1.05879e-022 0 0 1.86116e-024 0 1.90252e-023 -5.16988e-024 0 -9.87447e-024 -4.65935e-024 -3.70577e-021 3.34352e-022 3.38813e-021 0 -1.06758e-023 0 -2.12288e-020 4.86906e-023 2.14759e-020 -8.46923e-023 1.76519e-023 -1.15356e-022 3.37561e-023 -2.26545e-020 -2.91452e-022
182.075 -1.9902e-021 0 1.34506e-023 1.05879e-022 0 6.634e-022 2.06795e-025 0 2.06795e-025 3.89356e-025 -6.634e-022 5.68687e-025 2.69803e-025 -1.05879e-022 1.05251e-022 -2.11758e-022 0 -3.10193e-025 0 0 6.54415e-022 -7.6385e-024 3.44766e-024 1.59943e-024 -3.25702e-024 -3.31518e-024 2.00551e-021 -6.5149e-022
179.545 0 7.41154e-022 2.18921e-021 1.05879e-022 0 -6.634e-022 -1.03915e-023 0 -2.49188e-023 7.39939e-024 8.49153e-020 1.70606e-024 2.82437e-023 1.48231e-021 1.16125e-020 -1.09055e-020 0 -3.95496e-024 0 0 -8.48986e-020 1.09892e-022 1.1629e-023 -2.82889e-023 -1.49474e-023 -8.67829e-023 2.85875e-022 2.43642e-022
177.015 0 -4.23516e-022 -1.11232e-022 -1.05879e-022 0 0 -1.86116e-024 0 -3.78435e-023 -7.36175e-023 0 3.44314e-023 -2.85943e-023 -9.31736e-021 -6.58952e-021 -1.14349e-020 0 5.65326e-023 0 0 2.43614e-022 -2.7633e-023 -2.04853e-022 -2.15196e-023 4.04317e-023 -7.70926e-023 -8.0359e-022 -5.27189e-022
174.484 0 1.05879e-022 1.19375e-021 -6.35275e-022 0 8.49153e-020 6.26848e-023 0 -2.62113e-023 3.64186e-023 2.54746e-019 -2.29543e-023 -3.13585e-023 1.97994e-020 -1.65369e-020 1.16467e-020 0 5.43871e-023 0 0 -2.54925e-019 1.2767e-022 -4.96649e-022 -3.55558e-023 2.36024e-022 1.8462e-022 3.84969e-022 -8.56457e-020
171.743 0 -3.17637e-022 -7.40181e-024 0 0 -1.9902e-021 3.61892e-025 0 7.23783e-025 1.244e-025 0 3.61892e-025 7.27014e-026 -2.11758e-022 -1.27911e-022 0 0 -1.03398e-025 0 0 -5.82904e-024 -2.38138e-024 1.34417e-024 2.26505e-024 -2.97268e-024 -1.5962e-024 1.86116e-024 1.99449e-021
168.804 0 -3.17637e-022 8.64388e-022 -2.11758e-022 0 -4.24576e-020 -9.97787e-024 0 5.32498e-024 -3.26446e-023 0 3.18465e-023 1.31396e-023 -1.48231e-021 -8.20753e-021 7.72918e-021 0 1.09343e-023 0 4.24576e-020 2.66992e-022 -4.23869e-020 -5.77314e-023 -1.09446e-022 2.14721e-022 1.66309e-022 -6.34409e-023 4.24773e-020
165.866 0 2.11758e-022 -4.74025e-022 3.17637e-022 0 -4.24576e-020 -2.58494e-025 0 2.61079e-023 4.42057e-023 -4.24576e-020 -2.678e-023 -2.90806e-025 -4.76456e-021 -9.96986e-022 -5.92923e-021 0 -2.50739e-023 0 4.24576e-020 4.24697e-020 -4.22461e-020 -2.11157e-022 -1.46246e-022 -1.30378e-023 1.11815e-022 2.79742e-022 4.2264e-020
162.839 0 -2.11758e-022 -7.27014e-025 -3.17637e-022 0 0 2.58494e-026 0 5.16988e-026 6.30079e-026 0 0 1.13091e-025 2.11758e-022 -1.66874e-023 0 0 0 0 0 -1.08503e-023 -1.09957e-023 3.70939e-024 3.91941e-024 -3.8968e-024 -4.11652e-024 1.14674e-023 1.19069e-023
159.588 0 -2.11758e-022 3.61688e-022 -3.17637e-022 0 0 -2.06873e-022 0 -5.74891e-023 -6.72407e-024 0 3.05023e-023 7.81524e-023 -4.02341e-021 4.2866e-020 -3.31402e-020 0 1.08025e-022 0 0 1.08933e-022 6.52781e-022 -3.67785e-022 -3.02535e-023 6.62815e-023 1.76021e-022 -6.55547e-022 -7.74577e-022
156.035 0 -3.17637e-022 -2.29333e-024 5.29396e-022 0 0 2.58494e-025 0 -2.58494e-025 -9.69352e-026 6.634e-022 4.65289e-025 1.43787e-025 1.05879e-022 -4.76324e-023 2.11758e-022 0 2.84343e-025 0 0 -6.6627e-022 -1.98394e-024 -8.17487e-025 1.0469e-024 -4.3944e-025 -1.71575e-024 3.50906e-024 1.63821e-024
152.162 0 1.05879e-022 -9.11676e-024 1.05879e-022 0 0 5.16988e-025 0 -1.44757e-024 -1.03398e-025 0 5.16988e-025 6.4785e-025 -5.29396e-022 -7.49794e-023 -6.35275e-022 -1.73676e-021 -1.29247e-025 0 0 -1.0986e-025 -4.8403e-024 1.61559e-026 4.86938e-024 -7.85175e-025 1.73741e-021 -1.57035e-024 7.1829e-024
148.287 0 -1.05879e-022 -7.40133e-023 3.17637e-022 0 -8.49153e-020 2.53324e-023 0 -7.07756e-023 -6.30289e-023 -8.49153e-020 -9.47639e-023 3.63959e-023 7.0939e-021 -1.90057e-020 6.24687e-021 0 9.11708e-023 0 -8.49153e-020 8.48172e-020 8.48602e-020 -1.6711e-022 -2.35776e-022 3.81786e-022 3.00499e-025 1.20059e-021 8.54435e-020
144.327 1.3268e-021 -3.17637e-022 -8.87765e-024 -2.11758e-022 0 0 -5.42837e-025 0 -7.23783e-025 -1.00166e-025 1.30607e-021 6.72084e-025 7.80329e-025 0 -1.91352e-022 3.17637e-022 0 -5.16988e-026 0 0 -1.31139e-021 -8.6854e-024 2.85959e-024 5.46068e-025 -2.7982e-024 -3.79986e-024 -1.32358e-021 3.54783e-024
140.173 2.12288e-020 0 -1.7101e-023 2.11758e-022 0 0 2.11965e-024 0 -1.60266e-024 3.01792e-024 -1.06144e-020 -3.51552e-024 -1.86116e-024 5.29396e-022 -2.15681e-024 1.05879e-021 0 -8.27181e-025 0 1.06144e-020 1.07154e-020 -1.03794e-020 9.04793e-023 -8.60397e-023 8.41075e-023 1.09275e-022 -2.27071e-020 -3.00858e-022
134.585 -2.12288e-020 0 -2.4407e-022 -1.05879e-022 0 0 -7.65142e-024 0 4.1359e-025 -1.42576e-023 0 2.06795e-025 2.41046e-024 2.11758e-022 1.85189e-022 -6.35275e-022 0 1.39587e-024 0 0 2.47734e-023 -2.58494e-023 1.46469e-023 3.31195e-023 -1.11605e-023 1.13188e-023 2.12094e-020 6.79322e-023
128.401 -3.39661e-019 -7.41154e-022 -1.65604e-022 0 0 5.09492e-019 8.36745e-023 0 -2.10414e-023 3.65656e-023 0 -1.41655e-023 2.72194e-023 2.08582e-020 -3.0413e-021 9.635e-021 0 -7.46272e-023 0 0 8.43724e-023 8.47246e-022 -2.60349e-022 3.68793e-022 1.04432e-023 3.09356e-022 3.39559e-019 -5.09284e-019
122.217 -6.79322e-019 3.17637e-022 1.69712e-021 -2.11758e-022 0 0 6.18318e-023 0 3.28287e-023 6.47754e-023 -3.39661e-019 -9.03695e-023 -3.02732e-022 -2.90109e-020 -4.73486e-021 2.32934e-021 0 -1.37777e-022 0 -1.01898e-018 3.39405e-019 1.01947e-018 -5.04806e-023 -9.58418e-022 3.01312e-022 -6.81859e-022 6.82295e-019 2.35969e-022
116.032 0 3.17637e-022 -2.74367e-021 5.29396e-022 0 0 -1.94723e-022 0 1.56596e-022 5.94778e-023 0 7.92542e-023 1.33727e-022 3.20814e-020 1.9028e-020 3.07049e-021 0 -3.48967e-023 0 0 1.96856e-022 -2.20935e-022 9.38204e-023 -6.07613e-022 2.57311e-022 1.22281e-022 1.25249e-021 4.48584e-023
109.848 0 2.11758e-022 1.44684e-021 -4.23516e-022 0 0 6.14699e-023 0 7.75482e-023 1.86268e-022 3.39661e-019 8.06501e-023 -8.25581e-023 -3.49401e-021 5.5301e-020 4.53163e-020 0 9.61597e-023 0 0 -3.40164e-019 4.42968e-022 8.41721e-024 -3.81214e-022 5.51982e-022 -2.69305e-022 -1.07572e-021 7.66947e-022
103.664 0 0 -5.17526e-021 -1.48231e-021 0 0 -6.4184e-023 0 8.11154e-023 1.19516e-022 0 2.82275e-023 5.10025e-023 8.36445e-021 5.04182e-020 -1.3976e-020 0 1.64299e-022 0 0 -2.75312e-022 9.36524e-023 -3.05411e-022 -3.88762e-022 3.79114e-023 -1.85773e-022 1.49527e-021 8.03906e-022
97.4795 -3.39661e-019 1.05879e-022 -3.75836e-021 1.05879e-022 0 0 1.00089e-022 0 -6.3848e-023 -4.85225e-023 0 -1.978e-022 -6.84799e-023 1.36584e-020 -1.44484e-020 1.29173e-020 0 -1.18933e-022 0 0 7.50408e-023 8.23355e-022 -3.92846e-022 -1.69065e-022 2.93843e-023 -3.43034e-022 3.42895e-019 5.35485e-022
91.2953 0 -1.05879e-022 -6.69724e-021 -2.11758e-022 0 0 -1.31806e-022 0 -4.08937e-023 2.18511e-022 -3.40988e-019 2.12689e-022 1.32877e-022 6.23628e-020 2.40876e-020 1.91641e-020 0 -3.5866e-022 0 0 3.41392e-019 8.85251e-022 -8.21377e-022 -1.04967e-021 2.88615e-022 4.33491e-022 7.99444e-022 2.84246e-022
85.111 0 1.05879e-022 1.93548e-021 1.05879e-022 0 0 1.79731e-022 0 -2.17652e-022 9.76008e-023 1.3268e-021 -1.63265e-022 9.51888e-023 -5.50571e-021 1.42995e-020 -1.87406e-020 0 -2.0191e-022 0 3.39661e-019 -1.11505e-021 -3.39314e-019 -6.08718e-022 -8.89348e-023 8.59948e-022 3.56457e-022 1.76023e-021 -4.24234e-022
78.9268 0 5.29396e-022 2.41221e-022 -7.41154e-022 0 0 2.77312e-022 0 1.80274e-022 -7.55659e-023 3.39661e-019 -2.78398e-022 -1.3004e-022 1.65171e-020 -3.11384e-020 -7.72918e-021 0 2.33937e-022 0 3.40324e-019 -3.39746e-019 -3.39369e-019 -3.69905e-023 -3.30517e-022 1.1016e-021 -3.27014e-022 -1.95671e-021 -3.87014e-023
72.7426 0 -9.52912e-022 2.37782e-021 3.17637e-022 0 0 6.5399e-024 0 -2.7328e-022 6.48012e-023 3.37007e-019 -3.41522e-022 -2.86164e-022 -1.53525e-020 3.47502e-020 2.39287e-020 0 -1.21053e-022 0 -3.38334e-019 -3.36173e-019 3.38866e-019 -6.13684e-022 2.64003e-022 -6.78094e-022 1.72687e-022 -6.04966e-022 1.05209e-021
66.5554 -4.14625e-023 0 -9.50571e-024 -5.29396e-022 0 -6.634e-022 -5.68687e-025 0 1.03398e-025 -2.10026e-026 0 -6.72084e-025 3.4412e-025 5.29396e-022 6.29501e-023 0 0 -2.84343e-025 0 -6.634e-022 -7.51733e-024 6.56098e-022 1.50573e-024 7.60295e-024 -6.52374e-024 -3.50259e-024 5.46845e-023 6.77862e-022
60.3658 0 3.17637e-022 3.06804e-022 0 0 0 -7.50149e-023 0 -3.24151e-023 -1.74984e-022 0 -7.88924e-023 -2.55279e-023 1.56701e-020 -1.19537e-020 -1.02703e-020 0 1.37002e-024 0 -1.69831e-019 1.72425e-022 1.70735e-019 2.11151e-022 5.35406e-023 1.84371e-022 -2.80892e-022 1.47012e-021 -1.23473e-022
-6.60867 0 6.93889e-018 3.46945e-018 0 0 0 3.46945e-018 0 0 0 0 -3.46945e-018 3.46945e-018 0 0 0 0 0 0 0 1.38778e-017 -1.38778e-017 0 6.93889e-018 1.38778e-017 0 -4.16334e-017 1.38778e-017
