0.286904 714.745 1186.69 1267.75 1186.21 1309.13 714.772 1892.49 1309.9 1892.49 1892.49 713.009 1892.49 1892.49 1186.21 1267.75 1186.69 1309.13 1892.49 1309.9 712.979 0 1.13687e-013 -2.27374e-013 0 0 0 -1.13687e-013 0
11.9164 731.287 1186.45 1267.75 1186.45 1308.76 731.287 1892.49 1310.35 1892.49 1892.49 696.381 1892.49 1892.49 1186.45 1267.75 1186.45 1308.76 1892.49 1310.35 696.381 0 1.13687e-013 4.54747e-013 0 -2.27374e-013 2.27374e-013 0 -1.13687e-013
23.7258 747.801 1186.45 1267.75 1186.45 1308.39 747.801 1892.49 1310.81 1892.49 1892.49 679.778 1892.49 1892.49 1186.45 1267.75 1186.45 1308.39 1892.49 1310.81 679.778 0 0 2.27374e-013 2.27374e-013 -2.27374e-013 0 2.27374e-013 2.27374e-013
35.5352 764.314 1186.45 1267.75 1186.45 1308.02 764.314 1892.49 1311.27 1892.49 1892.49 663.173 1892.49 1892.49 1186.45 1267.75 1186.45 1308.02 1892.49 1311.27 663.173 0 -1.13687e-013 0 -2.27374e-013 0 0 -1.13687e-013 -1.13687e-013
47.3446 780.826 1186.45 1267.75 1186.45 1307.65 780.826 1892.49 1311.73 1892.49 1892.49 646.567 1892.49 1892.49 1186.45 1267.75 1186.45 1307.65 1892.49 1311.73 646.567 0 0 0 2.27374e-013 0 -2.27374e-013 0 0
59.1539 797.337 1186.45 1267.75 1186.45 1307.29 797.337 1892.49 1312.2 1892.49 1892.49 629.96 1892.49 1892.49 1186.45 1267.75 1186.45 1307.29 1892.49 1312.2 629.96 -1.13687e-013 0 0 4.54747e-013 0 4.54747e-013 1.13687e-013 0
70.9633 813.847 1186.45 1267.75 1186.45 1306.92 813.847 1892.49 1312.66 1892.49 1892.49 613.352 1892.49 1892.49 1186.45 1267.75 1186.45 1306.92 1892.49 1312.66 613.352 1.13687e-013 1.13687e-013 0 0 0 2.27374e-013 0 -1.13687e-013
82.7726 830.355 1186.45 1267.75 1186.45 1306.56 830.355 1892.49 1313.13 1892.49 1892.49 596.742 1892.49 1892.49 1186.45 1267.75 1186.45 1306.56 1892.49 1313.13 596.742 0 0 2.27374e-013 0 -2.27374e-013 0 0 0
94.5819 846.862 1186.45 1267.75 1186.45 1306.19 846.862 1892.49 1313.59 1892.49 1892.49 580.131 1892.49 1892.49 1186.45 1267.75 1186.45 1306.19 1892.49 1313.59 580.131 2.27374e-013 0 0 -2.27374e-013 -2.27374e-013 2.27374e-013 1.13687e-013 0
106.391 863.367 1186.45 1267.75 1186.45 1305.83 863.367 1892.49 1314.06 1892.49 1892.49 563.519 1892.49 1892.49 1186.45 1267.75 1186.45 1305.83 1892.49 1314.06 563.519 0 0 -2.27374e-013 0 2.27374e-013 0 -2.27374e-013 -2.27374e-013
118.201 879.872 1186.45 1267.75 1186.45 1305.47 879.872 1892.49 1314.53 1892.49 1892.49 546.906 1892.49 1892.49 1186.45 1267.75 1186.45 1305.47 1892.49 1314.53 546.906 1.13687e-013 -1.13687e-013 2.27374e-013 0 0 2.27374e-013 2.27374e-013 -1.13687e-013
130.01 896.375 1186.45 1267.75 1186.45 1305.11 896.375 1892.49 1315 1892.49 1892.49 530.291 1892.49 1892.49 1186.45 1267.75 1186.45 1305.11 1892.49 1315 530.291 0 1.13687e-013 0 0 2.27374e-013 0 0 -1.13687e-013
141.819 912.876 1186.45 1267.75 1186.45 1304.76 912.876 1892.49 1315.47 1892.49 1892.49 513.676 1892.49 1892.49 1186.45 1267.75 1186.45 1304.76 1892.49 1315.47 513.676 0 0 0 0 0 4.54747e-013 0 1.13687e-013
153.628 929.377 1186.45 1267.75 1186.45 1304.4 929.377 1892.49 1315.95 1892.49 1892.49 497.059 1892.49 1892.49 1186.45 1267.75 1186.45 1304.4 1892.49 1315.95 497.059 0 1.13687e-013 0 2.27374e-013 -2.27374e-013 0 -1.13687e-013 0
165.21 945.417 1186.45 1267.75 1186.45 1304.34 945.417 1892.49 1316.41 1892.49 1892.49 480.612 1892.49 1892.49 1186.45 1267.75 1186.45 1304.34 1892.49 1316.41 480.612 -5.68434e-014 -5.68434e-014 0 -2.27374e-013 -2.27374e-013 -2.27374e-013 0 1.13687e-013
175.53 960.231 1186.45 1267.75 1186.45 1303.83 960.231 1892.49 1317.04 1892.49 1892.49 465.678 1892.49 1892.49 1186.45 1267.75 1186.45 1303.83 1892.49 1317.04 465.678 5.68434e-014 -5.68434e-014 2.27374e-013 -4.54747e-013 0 2.27374e-013 -1.13687e-013 0
184.82 972.837 1186.45 1267.75 1186.45 1303.96 972.837 1892.49 1319.37 1892.49 1892.49 450.609 1892.49 1892.49 1186.45 1267.75 1186.45 1303.96 1892.49 1319.37 450.609 0 0 2.27374e-013 0 0 -2.27374e-013 1.13687e-013 1.13687e-013
192.936 984.385 1186.45 1267.75 1186.45 1303.36 984.385 1892.49 1322.06 1892.49 1892.49 436.973 1892.49 1892.49 1186.45 1267.75 1186.45 1303.36 1892.49 1322.06 436.973 0 5.68434e-014 0 0 -2.27374e-013 0 2.27374e-013 0
200.312 994.934 1186.45 1267.75 1186.45 1302.34 994.934 1892.49 1325.87 1892.49 1892.49 423.631 1892.49 1892.49 1186.45 1267.75 1186.45 1302.34 1892.49 1325.87 423.631 -5.68434e-014 5.68434e-014 0 0 -2.27374e-013 -2.27374e-013 2.27374e-013 -2.27374e-013
206.699 1005.71 1186.45 1267.75 1186.45 1298.61 1005.71 1892.49 1330.42 1892.49 1892.49 412.029 1892.49 1892.49 1186.45 1267.75 1186.45 1298.61 1892.49 1330.42 412.029 5.68434e-014 5.68434e-014 0 2.27374e-013 -2.27374e-013 2.27374e-013 -1.13687e-013 1.13687e-013
211.897 1014.33 1186.45 1267.75 1186.45 1295.6 1014.33 1892.49 1335.48 1892.49 1892.49 401.374 1892.49 1892.49 1186.45 1267.75 1186.45 1295.6 1892.49 1335.48 401.374 0 0 0 4.54747e-013 2.27374e-013 -2.27374e-013 2.27374e-013 3.41061e-013
215.832 1019.8 1186.45 1267.75 1186.45 1292.99 1019.8 1892.49 1344 1892.49 1892.49 389.998 1892.49 1892.49 1186.45 1267.75 1186.45 1292.99 1892.49 1344 389.998 0 0 -2.27374e-013 -2.27374e-013 0 0 0 -1.13687e-013
219.588 1024.31 1186.45 1267.75 1186.45 1291.5 1024.31 1892.49 1352.33 1892.49 1892.49 378.645 1892.49 1892.49 1186.45 1267.75 1186.45 1291.5 1892.49 1352.33 378.645 -5.68434e-014 0 2.27374e-013 -2.27374e-013 0 0 2.27374e-013 0
223.1 1028.93 1186.45 1267.75 1186.45 1289.44 1028.93 1892.49 1360.53 1892.49 1892.49 367.881 1892.49 1892.49 1186.45 1267.75 1186.45 1289.44 1892.49 1360.53 367.881 -5.68434e-014 -1.13687e-013 0 2.27374e-013 0 0 -2.27374e-013 0
226.611 1033.56 1186.45 1267.75 1186.45 1287.38 1033.56 1892.49 1368.72 1892.49 1892.49 357.117 1892.49 1892.49 1186.45 1267.75 1186.45 1287.38 1892.49 1368.72 357.117 0 5.68434e-014 0 2.27374e-013 -2.27374e-013 0 0 4.54747e-013
229.877 1038.04 1186.45 1267.75 1186.45 1285.47 1038.04 1892.49 1376.23 1892.49 1892.49 347.053 1892.49 1892.49 1186.45 1267.75 1186.45 1285.47 1892.49 1376.23 347.053 0 0 0 0 2.27374e-013 0 0 0
232.749 1042.19 1186.45 1267.75 1186.45 1283.73 1042.19 1892.49 1382.96 1892.49 1892.49 337.9 1892.49 1892.49 1186.45 1267.75 1186.45 1283.73 1892.49 1382.96 337.9 5.68434e-014 -5.68434e-014 -2.27374e-013 0 -2.27374e-013 0 0 0
235.622 1046.34 1186.45 1267.75 1186.45 1281.99 1046.34 1892.49 1389.7 1892.49 1892.49 328.748 1892.49 1892.49 1186.45 1267.75 1186.45 1281.99 1892.49 1389.7 328.748 0 5.68434e-014 0 0 0 -2.27374e-013 -2.27374e-013 -2.27374e-013
238.108 1050.47 1186.45 1267.75 1186.45 1280.65 1050.47 1892.49 1394.3 1892.49 1892.49 321.367 1892.49 1892.49 1186.45 1267.75 1186.45 1280.65 1892.49 1394.3 321.367 5.68434e-014 5.68434e-014 0 2.27374e-013 0 0 0 2.27374e-013
240.415 1054.56 1186.45 1267.75 1186.45 1279.46 1054.56 1892.49 1398.07 1892.49 1892.49 314.697 1892.49 1892.49 1186.45 1267.75 1186.45 1279.46 1892.49 1398.07 314.697 0 1.13687e-013 2.27374e-013 -2.27374e-013 0 0 0 0
242.424 1058.6 1186.45 1267.75 1186.45 1278.56 1058.6 1892.49 1400.22 1892.49 1892.49 309.403 1892.49 1892.49 1186.45 1267.75 1186.45 1278.56 1892.49 1400.22 309.403 0 5.68434e-014 2.27374e-013 0 0 0 0 0
244.315 1062.62 1186.45 1267.75 1186.45 1277.83 1062.62 1892.49 1401.53 1892.49 1892.49 304.801 1892.49 1892.49 1186.45 1267.75 1186.45 1277.83 1892.49 1401.53 304.801 0 -5.68434e-014 4.54747e-013 -2.27374e-013 0 0 -4.54747e-013 -2.27374e-013
246.206 1066.64 1186.45 1267.75 1186.45 1277.1 1066.64 1892.49 1402.84 1892.49 1892.49 300.199 1892.49 1892.49 1186.45 1267.75 1186.45 1277.1 1892.49 1402.84 300.199 0 0 2.27374e-013 0 2.27374e-013 -2.27374e-013 2.27374e-013 0
248.097 1070.66 1186.45 1267.75 1186.45 1276.37 1070.66 1892.49 1404.15 1892.49 1892.49 295.596 1892.49 1892.49 1186.45 1267.75 1186.45 1276.37 1892.49 1404.15 295.596 0 5.68434e-014 2.27374e-013 -2.27374e-013 0 4.54747e-013 -2.27374e-013 0
249.988 1074.68 1186.45 1267.75 1186.45 1275.64 1074.68 1892.49 1405.46 1892.49 1892.49 290.992 1892.49 1892.49 1186.45 1267.75 1186.45 1275.64 1892.49 1405.46 290.992 -5.68434e-014 5.68434e-014 -2.27374e-013 -2.27374e-013 0 0 0 0
251.879 1078.7 1186.45 1267.75 1186.45 1274.91 1078.7 1892.49 1406.78 1892.49 1892.49 286.388 1892.49 1892.49 1186.45 1267.75 1186.45 1274.91 1892.49 1406.78 286.388 0 -5.68434e-014 2.27374e-013 2.27374e-013 -4.54747e-013 -2.27374e-013 -4.54747e-013 0
253.77 1082.72 1186.45 1267.75 1186.45 1274.19 1082.72 1892.49 1408.09 1892.49 1892.49 281.783 1892.49 1892.49 1186.45 1267.75 1186.45 1274.19 1892.49 1408.09 281.783 0 0 2.27374e-013 4.54747e-013 2.27374e-013 -2.27374e-013 -4.54747e-013 0
255.661 1086.74 1186.45 1267.75 1186.45 1273.46 1086.74 1892.49 1409.41 1892.49 1892.49 277.177 1892.49 1892.49 1186.45 1267.75 1186.45 1273.46 1892.49 1409.41 277.177 5.68434e-014 0 4.54747e-013 -2.27374e-013 2.27374e-013 0 2.27374e-013 -2.27374e-013
257.552 1090.76 1186.45 1267.75 1186.45 1272.73 1090.76 1892.49 1410.72 1892.49 1892.49 272.571 1892.49 1892.49 1186.45 1267.75 1186.45 1272.73 1892.49 1410.72 272.571 5.68434e-014 -5.68434e-014 0 0 2.27374e-013 -2.27374e-013 -2.27374e-013 0
258.821 1094.65 1186.45 1267.75 1186.45 1271.89 1094.65 1892.49 1412.04 1892.49 1892.49 268.212 1892.49 1892.49 1186.45 1267.75 1186.45 1271.89 1892.49 1412.04 268.212 -5.68434e-014 -5.68434e-014 -6.82121e-013 0 0 0 0 -2.27374e-013
259.84 1098.46 1186.45 1267.75 1186.45 1271.01 1098.46 1892.49 1413.38 1892.49 1892.49 263.93 1892.49 1892.49 1186.45 1267.75 1186.45 1271.01 1892.49 1413.38 263.93 5.68434e-014 5.68434e-014 2.27374e-013 -2.27374e-013 0 2.27374e-013 2.27374e-013 0
260.615 1102.14 1186.45 1267.75 1186.45 1270.25 1102.14 1892.49 1414.66 1892.49 1892.49 259.731 1892.49 1892.49 1186.45 1267.75 1186.45 1270.25 1892.49 1414.66 259.731 0 0 2.27374e-013 -2.27374e-013 -2.27374e-013 -2.27374e-013 0 0
260.436 1105.46 1186.45 1267.75 1186.45 1269.74 1105.46 1892.49 1415.53 1892.49 1892.49 256.055 1892.49 1892.49 1186.45 1267.75 1186.45 1269.74 1892.49 1415.53 256.055 0 -5.68434e-014 -2.27374e-013 -2.27374e-013 0 2.27374e-013 0 -2.27374e-013
259.943 1108.69 1186.45 1267.75 1186.45 1269.27 1108.69 1892.49 1416.24 1892.49 1892.49 252.58 1892.49 1892.49 1186.45 1267.75 1186.45 1269.27 1892.49 1416.24 252.58 -2.84217e-014 2.84217e-014 -2.27374e-013 -2.27374e-013 -2.27374e-013 -2.27374e-013 0 0
259.45 1111.92 1186.45 1267.75 1186.45 1268.81 1111.92 1892.49 1416.95 1892.49 1892.49 249.104 1892.49 1892.49 1186.45 1267.75 1186.45 1268.81 1892.49 1416.95 249.104 0 2.84217e-014 0 0 0 -2.27374e-013 -2.27374e-013 -2.27374e-013
258.957 1115.15 1186.45 1267.75 1186.45 1268.34 1115.15 1892.49 1417.66 1892.49 1892.49 245.628 1892.49 1892.49 1186.45 1267.75 1186.45 1268.34 1892.49 1417.66 245.628 -5.68434e-014 -2.84217e-014 0 0 0 4.54747e-013 2.27374e-013 0
258.464 1118.38 1186.45 1267.75 1186.45 1267.88 1118.38 1892.49 1418.37 1892.49 1892.49 242.152 1892.49 1892.49 1186.45 1267.75 1186.45 1267.88 1892.49 1418.37 242.152 -2.84217e-014 -2.84217e-014 0 2.27374e-013 -4.54747e-013 0 0 -2.27374e-013
257.971 1121.61 1186.45 1267.75 1186.45 1267.41 1121.61 1892.49 1419.08 1892.49 1892.49 238.675 1892.49 1892.49 1186.45 1267.75 1186.45 1267.41 1892.49 1419.08 238.675 2.84217e-014 -1.13687e-013 0 2.27374e-013 -2.27374e-013 0 -2.27374e-013 0
257.479 1124.84 1186.45 1267.75 1186.45 1266.95 1124.84 1892.49 1419.79 1892.49 1892.49 235.198 1892.49 1892.49 1186.45 1267.75 1186.45 1266.95 1892.49 1419.79 235.198 0 5.68434e-014 4.54747e-013 2.27374e-013 2.27374e-013 -2.27374e-013 0 0
256.986 1128.07 1186.45 1267.75 1186.45 1266.49 1128.07 1892.49 1420.5 1892.49 1892.49 231.72 1892.49 1892.49 1186.45 1267.75 1186.45 1266.49 1892.49 1420.5 231.72 5.68434e-014 0 0 2.27374e-013 0 2.27374e-013 0 0
256.493 1131.3 1186.45 1267.75 1186.45 1266.03 1131.3 1892.49 1421.21 1892.49 1892.49 228.242 1892.49 1892.49 1186.45 1267.75 1186.45 1266.03 1892.49 1421.21 228.242 -5.68434e-014 -2.84217e-014 -2.27374e-013 2.27374e-013 0 0 2.27374e-013 0
256 1134.53 1186.45 1267.75 1186.45 1265.57 1134.53 1892.49 1421.92 1892.49 1892.49 224.763 1892.49 1892.49 1186.45 1267.75 1186.45 1265.57 1892.49 1421.92 224.763 0 5.68434e-014 0 2.27374e-013 0 2.27374e-013 0 2.27374e-013
255.507 1137.76 1186.45 1267.75 1186.45 1265.1 1137.76 1892.49 1422.63 1892.49 1892.49 221.284 1892.49 1892.49 1186.45 1267.75 1186.45 1265.1 1892.49 1422.63 221.284 -2.84217e-014 -5.68434e-014 -2.27374e-013 0 2.27374e-013 2.27374e-013 -2.27374e-013 0
255.014 1140.99 1186.45 1267.75 1186.45 1264.64 1140.99 1892.49 1423.35 1892.49 1892.49 217.804 1892.49 1892.49 1186.45 1267.75 1186.45 1264.64 1892.49 1423.35 217.804 0 0 4.54747e-013 0 -2.27374e-013 2.27374e-013 0 0
194.654 1102.94 1186.45 1267.75 1186.45 1267.28 1102.94 1892.49 1420.69 1892.49 1892.49 255.864 1892.49 1892.49 1186.45 1267.75 1186.45 1267.28 1892.49 1420.69 255.864 0 2.84217e-014 0 -4.54747e-013 0 2.27374e-013 4.54747e-013 0
195.718 1109.29 1186.45 1267.75 1186.45 1266.75 1109.29 1892.49 1421.32 1892.49 1892.49 249.426 1892.49 1892.49 1186.45 1267.75 1186.45 1266.75 1892.49 1421.32 249.426 -2.84217e-014 5.68434e-014 -2.27374e-013 -2.27374e-013 0 2.27374e-013 2.27374e-013 -4.54747e-013
195.179 1113.38 1186.45 1267.75 1186.45 1266.38 1113.38 1892.49 1421.76 1892.49 1892.49 245.259 1892.49 1892.49 1186.45 1267.75 1186.45 1266.38 1892.49 1421.76 245.259 -2.84217e-014 0 0 0 0 0 -2.27374e-013 0
194.64 1117.47 1186.45 1267.75 1186.45 1266.02 1117.47 1892.49 1422.2 1892.49 1892.49 241.091 1892.49 1892.49 1186.45 1267.75 1186.45 1266.02 1892.49 1422.2 241.091 2.84217e-014 -2.84217e-014 4.54747e-013 2.27374e-013 -2.27374e-013 0 0 2.27374e-013
194.101 1121.56 1186.45 1267.75 1186.45 1265.66 1121.56 1892.49 1422.64 1892.49 1892.49 236.922 1892.49 1892.49 1186.45 1267.75 1186.45 1265.66 1892.49 1422.64 236.922 0 2.84217e-014 0 2.27374e-013 -2.27374e-013 0 -2.27374e-013 -4.54747e-013
193.561 1125.65 1186.45 1267.75 1186.45 1265.3 1125.65 1892.49 1423.08 1892.49 1892.49 232.753 1892.49 1892.49 1186.45 1267.75 1186.45 1265.3 1892.49 1423.08 232.753 2.84217e-014 5.68434e-014 0 0 0 0 2.27374e-013 2.27374e-013
193.022 1129.73 1186.45 1267.75 1186.45 1264.94 1129.73 1892.49 1423.52 1892.49 1892.49 228.583 1892.49 1892.49 1186.45 1267.75 1186.45 1264.94 1892.49 1423.52 228.583 2.84217e-014 0 0 2.27374e-013 0 0 0 0
192.483 1133.82 1186.45 1267.75 1186.45 1264.59 1133.82 1892.49 1423.96 1892.49 1892.49 224.412 1892.49 1892.49 1186.45 1267.75 1186.45 1264.59 1892.49 1423.96 224.412 5.68434e-014 -2.84217e-014 0 0 2.27374e-013 0 -2.27374e-013 2.27374e-013
191.944 1137.91 1186.45 1267.75 1186.45 1264.23 1137.91 1892.49 1424.4 1892.49 1892.49 220.241 1892.49 1892.49 1186.45 1267.75 1186.45 1264.23 1892.49 1424.4 220.241 2.84217e-014 2.84217e-014 2.27374e-013 0 2.27374e-013 -2.27374e-013 0 2.27374e-013
191.404 1141.99 1186.45 1267.75 1186.45 1263.87 1141.99 1892.49 1424.85 1892.49 1892.49 216.069 1892.49 1892.49 1186.45 1267.75 1186.45 1263.87 1892.49 1424.85 216.069 0 0 2.27374e-013 0 -2.27374e-013 0 0 0
190.865 1146.08 1186.45 1267.75 1186.45 1263.51 1146.08 1892.49 1425.29 1892.49 1892.49 211.896 1892.49 1892.49 1186.45 1267.75 1186.45 1263.51 1892.49 1425.29 211.896 2.84217e-014 2.84217e-014 0 0 0 2.27374e-013 0 2.27374e-013
190.104 1150.05 1186.45 1267.75 1186.45 1262.92 1150.05 1892.49 1425.66 1892.49 1892.49 208.143 1892.49 1892.49 1186.45 1267.75 1186.45 1262.92 1892.49 1425.66 208.143 2.84217e-014 0 -2.27374e-013 0 0 0 0 0
188.683 1153.5 1186.45 1267.75 1186.45 1261.7 1153.5 1892.49 1426 1892.49 1892.49 205.58 1892.49 1892.49 1186.45 1267.75 1186.45 1261.7 1892.49 1426 205.58 0 -2.84217e-014 2.27374e-013 2.27374e-013 0 0 0 0
186.582 1155.89 1186.45 1267.75 1186.45 1259.99 1155.89 1892.49 1427.76 1892.49 1892.49 203.141 1892.49 1892.49 1186.45 1267.75 1186.45 1259.99 1892.49 1427.76 203.141 0 0 6.82121e-013 0 0 2.27374e-013 -2.27374e-013 0
184.443 1158.23 1186.45 1267.75 1186.45 1258.26 1158.23 1892.49 1429.58 1892.49 1892.49 200.708 1892.49 1892.49 1186.45 1267.75 1186.45 1258.26 1892.49 1429.58 200.708 0 -2.84217e-014 0 -6.82121e-013 0 -2.27374e-013 0 2.27374e-013
182.075 1159.8 1186.45 1267.75 1186.45 1257.34 1159.8 1892.49 1431.25 1892.49 1892.49 198.399 1892.49 1892.49 1186.45 1267.75 1186.45 1257.34 1892.49 1431.25 198.399 0 -2.84217e-014 0 2.27374e-013 -2.27374e-013 -4.54747e-013 2.27374e-013 2.27374e-013
179.545 1160.82 1186.45 1267.75 1186.45 1256.99 1160.82 1892.49 1432.79 1892.49 1892.49 196.177 1892.49 1892.49 1186.45 1267.75 1186.45 1256.99 1892.49 1432.79 196.177 2.84217e-014 0 0 -2.27374e-013 -2.27374e-013 0 0 2.27374e-013
177.015 1161.85 1186.45 1267.75 1186.45 1256.63 1161.85 1892.49 1434.34 1892.49 1892.49 193.956 1892.49 1892.49 1186.45 1267.75 1186.45 1256.63 1892.49 1434.34 193.956 0 2.84217e-014 9.09495e-013 -2.27374e-013 0 0 2.27374e-013 0
174.484 1162.88 1186.45 1267.75 1186.45 1256.28 1162.88 1892.49 1435.89 1892.49 1892.49 191.734 1892.49 1892.49 1186.45 1267.75 1186.45 1256.28 1892.49 1435.89 191.734 0 -2.84217e-014 0 -2.27374e-013 0 -2.27374e-013 -4.54747e-013 0
171.743 1163.77 1186.45 1267.75 1186.45 1256.09 1163.77 1892.49 1436.7 1892.49 1892.49 190.211 1892.49 1892.49 1186.45 1267.75 1186.45 1256.09 1892.49 1436.7 190.211 0 -2.84217e-014 0 0 2.27374e-013 0 0 -2.27374e-013
168.804 1164.55 1186.45 1267.75 1186.45 1256.06 1164.55 1892.49 1436.83 1892.49 1892.49 189.338 1892.49 1892.49 1186.45 1267.75 1186.45 1256.06 1892.49 1436.83 189.338 0 -2.84217e-014 2.27374e-013 0 0 2.27374e-013 0 2.27374e-013
165.866 1165.32 1186.45 1267.75 1186.45 1256.04 1165.32 1892.49 1436.96 1892.49 1892.49 188.465 1892.49 1892.49 1186.45 1267.75 1186.45 1256.04 1892.49 1436.96 188.465 0 0 0 -4.54747e-013 2.27374e-013 0 2.27374e-013 0
162.839 1166.13 1186.45 1267.75 1186.45 1255.76 1166.13 1892.49 1437.13 1892.49 1892.49 187.764 1892.49 1892.49 1186.45 1267.75 1186.45 1255.76 1892.49 1437.13 187.764 -2.84217e-014 2.84217e-014 -4.54747e-013 -2.27374e-013 2.27374e-013 0 -2.27374e-013 0
159.588 1167 1186.45 1267.75 1186.45 1254.85 1167 1892.49 1437.44 1892.49 1892.49 187.495 1892.49 1892.49 1186.45 1267.75 1186.45 1254.85 1892.49 1437.44 187.495 0 -2.84217e-014 0 -4.54747e-013 -2.27374e-013 2.27374e-013 0 2.27374e-013
156.035 1167.24 1186.45 1267.75 1186.45 1254.21 1167.24 1892.49 1437.97 1892.49 1892.49 187.351 1892.49 1892.49 1186.45 1267.75 1186.45 1254.21 1892.49 1437.97 187.351 -2.84217e-014 0 -2.27374e-013 -4.54747e-013 0 0 -2.27374e-013 0
152.162 1166.94 1186.45 1267.75 1186.45 1253.53 1166.94 1892.49 1439.06 1892.49 1892.49 187.249 1892.49 1892.49 1186.45 1267.75 1186.45 1253.53 1892.49 1439.06 187.249 0 -2.84217e-014 -6.82121e-013 2.27374e-013 0 2.27374e-013 0 -2.27374e-013
148.287 1166.63 1186.45 1267.75 1186.45 1252.86 1166.63 1892.49 1440.15 1892.49 1892.49 187.147 1892.49 1892.49 1186.45 1267.75 1186.45 1252.86 1892.49 1440.15 187.147 -2.84217e-014 0 -4.54747e-013 0 0 2.27374e-013 4.54747e-013 2.27374e-013
144.327 1166.24 1186.45 1267.75 1186.45 1252.24 1166.24 1892.49 1441.08 1892.49 1892.49 187.225 1892.49 1892.49 1186.45 1267.75 1186.45 1252.24 1892.49 1441.08 187.225 0 2.84217e-014 -2.27374e-013 2.27374e-013 0 2.27374e-013 0 0
140.173 1165.65 1186.45 1267.75 1186.45 1251.76 1165.65 1892.49 1441.66 1892.49 1892.49 187.717 1892.49 1892.49 1186.45 1267.75 1186.45 1251.76 1892.49 1441.66 187.717 -2.84217e-014 2.84217e-014 0 2.27374e-013 -2.27374e-013 4.54747e-013 2.27374e-013 2.27374e-013
134.585 1163.32 1186.45 1267.75 1186.45 1251.83 1163.32 1892.49 1441.81 1892.49 1892.49 189.823 1892.49 1892.49 1186.45 1267.75 1186.45 1251.83 1892.49 1441.81 189.823 0 -2.84217e-014 2.27374e-013 2.27374e-013 0 -2.27374e-013 0 0
128.401 1160.26 1186.45 1267.75 1186.45 1252.12 1160.26 1892.49 1441.71 1892.49 1892.49 192.689 1892.49 1892.49 1186.45 1267.75 1186.45 1252.12 1892.49 1441.71 192.689 2.84217e-014 0 0 -2.27374e-013 2.27374e-013 0 0 2.27374e-013
122.217 1157.19 1186.45 1267.75 1186.45 1252.42 1157.19 1892.49 1441.62 1892.49 1892.49 195.556 1892.49 1892.49 1186.45 1267.75 1186.45 1252.42 1892.49 1441.62 195.556 2.84217e-014 -2.84217e-014 2.27374e-013 0 2.27374e-013 0 0 -2.27374e-013
116.032 1154.12 1186.45 1267.75 1186.45 1252.71 1154.12 1892.49 1441.52 1892.49 1892.49 198.423 1892.49 1892.49 1186.45 1267.75 1186.45 1252.71 1892.49 1441.52 198.423 2.84217e-014 -2.84217e-014 4.54747e-013 2.27374e-013 0 0 0 2.27374e-013
109.848 1151.06 1186.45 1267.75 1186.45 1253 1151.06 1892.49 1441.43 1892.49 1892.49 201.292 1892.49 1892.49 1186.45 1267.75 1186.45 1253 1892.49 1441.43 201.292 -2.84217e-014 0 0 4.54747e-013 0 0 0 4.54747e-013
103.664 1148 1186.45 1267.75 1186.45 1253.29 1148 1892.49 1441.33 1892.49 1892.49 204.161 1892.49 1892.49 1186.45 1267.75 1186.45 1253.29 1892.49 1441.33 204.161 5.68434e-014 0 -2.27374e-013 -2.27374e-013 -2.27374e-013 -2.27374e-013 2.27374e-013 -4.54747e-013
97.4795 1144.93 1186.45 1267.75 1186.45 1253.58 1144.93 1892.49 1441.23 1892.49 1892.49 207.031 1892.49 1892.49 1186.45 1267.75 1186.45 1253.58 1892.49 1441.23 207.031 -2.84217e-014 0 -4.54747e-013 0 2.27374e-013 0 -2.27374e-013 0
91.2953 1141.87 1186.45 1267.75 1186.45 1253.87 1141.87 1892.49 1441.14 1892.49 1892.49 209.902 1892.49 1892.49 1186.45 1267.75 1186.45 1253.87 1892.49 1441.14 209.902 -2.84217e-014 0 0 -2.27374e-013 0 0 -2.27374e-013 -2.27374e-013
85.111 1138.81 1186.45 1267.75 1186.45 1254.16 1138.81 1892.49 1441.04 1892.49 1892.49 212.773 1892.49 1892.49 1186.45 1267.75 1186.45 1254.16 1892.49 1441.04 212.773 2.84217e-014 0 -2.27374e-013 0 0 0 2.27374e-013 2.27374e-013
78.9268 1135.75 1186.45 1267.75 1186.45 1254.45 1135.75 1892.49 1440.94 1892.49 1892.49 215.646 1892.49 1892.49 1186.45 1267.75 1186.45 1254.45 1892.49 1440.94 215.646 -5.68434e-014 0 2.27374e-013 -2.27374e-013 2.27374e-013 0 -6.82121e-013 0
72.7426 1132.69 1186.45 1267.75 1186.45 1254.74 1132.69 1892.49 1440.84 1892.49 1892.49 218.519 1892.49 1892.49 1186.45 1267.75 1186.45 1254.74 1892.49 1440.84 218.519 0 0 0 -6.82121e-013 0 2.27374e-013 2.27374e-013 0
66.5554 1129.67 1186.45 1267.75 1186.45 1254.94 1129.67 1892.49 1440.76 1892.49 1892.49 221.414 1892.49 1892.49 1186.45 1267.75 1186.45 1254.94 1892.49 1440.76 221.414 0 0 0 -2.27374e-013 2.27374e-013 -2.27374e-013 0 0
60.3658 1126.67 1186.45 1267.75 1186.45 1255.08 1126.67 1892.49 1440.7 1892.49 1892.49 224.327 1892.49 1892.49 1186.45 1267.75 1186.45 1255.08 1892.49 1440.7 224.327 1.13687e-013 5.68434e-014 0 2.27374e-013 0 2.27374e-013 -2.27374e-013 0
-6.60867 1007.86 1198.45 1267.75 1174.44 1383.2 990.14 1892.49 1305.35 1892.49 1892.49 350.374 1892.49 1892.49 1174.45 1267.75 1198.44 1378.71 1892.49 1332.2 345.732 0 -5.68434e-014 2.27374e-013 0 -2.27374e-013 0 1.13687e-013 0
